{"/Users/ravikumar_pa/Documents/OceanSpray/OceanSpray/App.js": {"path":"/Users/ravikumar_pa/Documents/OceanSpray/OceanSpray/App.js","statementMap":{"0":{"start":{"line":10,"column":16},"end":{"line":10,"column":30}},"1":{"start":{"line":16,"column":4},"end":{"line":20,"column":13}},"2":{"start":{"line":17,"column":8},"end":{"line":19,"column":9}},"3":{"start":{"line":18,"column":12},"end":{"line":18,"column":32}},"4":{"start":{"line":24,"column":4},"end":{"line":30,"column":6}}},"fnMap":{"0":{"name":"(anonymous_0)","decl":{"start":{"line":15,"column":2},"end":{"line":15,"column":3}},"loc":{"start":{"line":15,"column":22},"end":{"line":21,"column":3}},"line":15},"1":{"name":"(anonymous_1)","decl":{"start":{"line":16,"column":15},"end":{"line":16,"column":16}},"loc":{"start":{"line":16,"column":21},"end":{"line":20,"column":5}},"line":16},"2":{"name":"(anonymous_2)","decl":{"start":{"line":23,"column":2},"end":{"line":23,"column":3}},"loc":{"start":{"line":23,"column":11},"end":{"line":31,"column":3}},"line":23}},"branchMap":{"0":{"loc":{"start":{"line":17,"column":8},"end":{"line":19,"column":9}},"type":"if","locations":[{"start":{"line":17,"column":8},"end":{"line":19,"column":9}},{"start":{"line":17,"column":8},"end":{"line":19,"column":9}}],"line":17}},"s":{"0":1,"1":0,"2":0,"3":0,"4":0},"f":{"0":0,"1":0,"2":0},"b":{"0":[0,0]},"_coverageSchema":"43e27e138ebf9cfc5966b082cf9a028302ed4184","hash":"a73147b5d74bc2ab9f04d32256687551e474f35b"}
,"/Users/ravikumar_pa/Documents/OceanSpray/OceanSpray/src/Main.js": {"path":"/Users/ravikumar_pa/Documents/OceanSpray/OceanSpray/src/Main.js","statementMap":{"0":{"start":{"line":8,"column":4},"end":{"line":13,"column":6}},"1":{"start":{"line":17,"column":15},"end":{"line":21,"column":1}}},"fnMap":{"0":{"name":"(anonymous_0)","decl":{"start":{"line":7,"column":2},"end":{"line":7,"column":3}},"loc":{"start":{"line":7,"column":11},"end":{"line":14,"column":3}},"line":7}},"branchMap":{},"s":{"0":0,"1":1},"f":{"0":0},"b":{},"_coverageSchema":"43e27e138ebf9cfc5966b082cf9a028302ed4184","hash":"d3c2e336856dd264a33467f5a190f91b32647d0c"}
,"/Users/ravikumar_pa/Documents/OceanSpray/OceanSpray/src/assets/OceanSprayLogo.png": {"path":"/Users/ravikumar_pa/Documents/OceanSpray/OceanSpray/src/assets/OceanSprayLogo.png","statementMap":{"0":{"start":{"line":1,"column":0},"end":{"line":4,"column":6}}},"fnMap":{},"branchMap":{},"s":{"0":1},"f":{},"b":{},"_coverageSchema":"43e27e138ebf9cfc5966b082cf9a028302ed4184","hash":"198986c96e86b010403f6a8710156a4456b6464f"}
,"/Users/ravikumar_pa/Documents/OceanSpray/OceanSpray/src/assets/backIcon.png": {"path":"/Users/ravikumar_pa/Documents/OceanSpray/OceanSpray/src/assets/backIcon.png","statementMap":{"0":{"start":{"line":1,"column":0},"end":{"line":4,"column":6}}},"fnMap":{},"branchMap":{},"s":{"0":1},"f":{},"b":{},"_coverageSchema":"43e27e138ebf9cfc5966b082cf9a028302ed4184","hash":"690d3459e8a39e0e9b8c4f6f74a31fd422862ef1"}
,"/Users/ravikumar_pa/Documents/OceanSpray/OceanSpray/src/assets/bitmap.png": {"path":"/Users/ravikumar_pa/Documents/OceanSpray/OceanSpray/src/assets/bitmap.png","statementMap":{"0":{"start":{"line":1,"column":0},"end":{"line":4,"column":6}}},"fnMap":{},"branchMap":{},"s":{"0":1},"f":{},"b":{},"_coverageSchema":"43e27e138ebf9cfc5966b082cf9a028302ed4184","hash":"bfe4420dc2f08d36d1f402408586096b343dbac1"}
,"/Users/ravikumar_pa/Documents/OceanSpray/OceanSpray/src/assets/notification.png": {"path":"/Users/ravikumar_pa/Documents/OceanSpray/OceanSpray/src/assets/notification.png","statementMap":{"0":{"start":{"line":1,"column":0},"end":{"line":4,"column":6}}},"fnMap":{},"branchMap":{},"s":{"0":1},"f":{},"b":{},"_coverageSchema":"43e27e138ebf9cfc5966b082cf9a028302ed4184","hash":"94cb484c44628e070010beab23f004af5a874489"}
,"/Users/ravikumar_pa/Documents/OceanSpray/OceanSpray/src/assets/splash_port.png": {"path":"/Users/ravikumar_pa/Documents/OceanSpray/OceanSpray/src/assets/splash_port.png","statementMap":{"0":{"start":{"line":1,"column":0},"end":{"line":4,"column":6}}},"fnMap":{},"branchMap":{},"s":{"0":1},"f":{},"b":{},"_coverageSchema":"43e27e138ebf9cfc5966b082cf9a028302ed4184","hash":"358e1b2e8abcbe321a20b82d3b282be098898faf"}
,"/Users/ravikumar_pa/Documents/OceanSpray/OceanSpray/src/assets/sortIcons/arrowDown.png": {"path":"/Users/ravikumar_pa/Documents/OceanSpray/OceanSpray/src/assets/sortIcons/arrowDown.png","statementMap":{"0":{"start":{"line":1,"column":0},"end":{"line":4,"column":6}}},"fnMap":{},"branchMap":{},"s":{"0":1},"f":{},"b":{},"_coverageSchema":"43e27e138ebf9cfc5966b082cf9a028302ed4184","hash":"1203f7e76fd858845281ec324aa8b054264f9d58"}
,"/Users/ravikumar_pa/Documents/OceanSpray/OceanSpray/src/assets/sortIcons/arrowUp.png": {"path":"/Users/ravikumar_pa/Documents/OceanSpray/OceanSpray/src/assets/sortIcons/arrowUp.png","statementMap":{"0":{"start":{"line":1,"column":0},"end":{"line":4,"column":6}}},"fnMap":{},"branchMap":{},"s":{"0":1},"f":{},"b":{},"_coverageSchema":"43e27e138ebf9cfc5966b082cf9a028302ed4184","hash":"87f19b3b283bf6de925579e038f8f6fb6201c627"}
,"/Users/ravikumar_pa/Documents/OceanSpray/OceanSpray/src/assets/sortIcons/bedName.png": {"path":"/Users/ravikumar_pa/Documents/OceanSpray/OceanSpray/src/assets/sortIcons/bedName.png","statementMap":{"0":{"start":{"line":1,"column":0},"end":{"line":4,"column":6}}},"fnMap":{},"branchMap":{},"s":{"0":1},"f":{},"b":{},"_coverageSchema":"43e27e138ebf9cfc5966b082cf9a028302ed4184","hash":"12d5935ad144e88dc2ebe75a02a142f569fd51b5"}
,"/Users/ravikumar_pa/Documents/OceanSpray/OceanSpray/src/assets/sortIcons/blogName.png": {"path":"/Users/ravikumar_pa/Documents/OceanSpray/OceanSpray/src/assets/sortIcons/blogName.png","statementMap":{"0":{"start":{"line":1,"column":0},"end":{"line":4,"column":6}}},"fnMap":{},"branchMap":{},"s":{"0":1},"f":{},"b":{},"_coverageSchema":"43e27e138ebf9cfc5966b082cf9a028302ed4184","hash":"495d52d6665bada2973caf7dbbcd386234685110"}
,"/Users/ravikumar_pa/Documents/OceanSpray/OceanSpray/src/assets/sortIcons/calendar.png": {"path":"/Users/ravikumar_pa/Documents/OceanSpray/OceanSpray/src/assets/sortIcons/calendar.png","statementMap":{"0":{"start":{"line":1,"column":0},"end":{"line":4,"column":6}}},"fnMap":{},"branchMap":{},"s":{"0":1},"f":{},"b":{},"_coverageSchema":"43e27e138ebf9cfc5966b082cf9a028302ed4184","hash":"442285b88a976a73ba2289d6b8a0fafca57de6cc"}
,"/Users/ravikumar_pa/Documents/OceanSpray/OceanSpray/src/assets/sortIcons/contractNumber.png": {"path":"/Users/ravikumar_pa/Documents/OceanSpray/OceanSpray/src/assets/sortIcons/contractNumber.png","statementMap":{"0":{"start":{"line":1,"column":0},"end":{"line":4,"column":6}}},"fnMap":{},"branchMap":{},"s":{"0":1},"f":{},"b":{},"_coverageSchema":"43e27e138ebf9cfc5966b082cf9a028302ed4184","hash":"f394976aee403cbdf568dd23699b84162d1d0870"}
,"/Users/ravikumar_pa/Documents/OceanSpray/OceanSpray/src/assets/sortIcons/dateRange.png": {"path":"/Users/ravikumar_pa/Documents/OceanSpray/OceanSpray/src/assets/sortIcons/dateRange.png","statementMap":{"0":{"start":{"line":1,"column":0},"end":{"line":4,"column":6}}},"fnMap":{},"branchMap":{},"s":{"0":1},"f":{},"b":{},"_coverageSchema":"43e27e138ebf9cfc5966b082cf9a028302ed4184","hash":"b54256539a3a7a79d4476f513c8c5eb95df97de8"}
,"/Users/ravikumar_pa/Documents/OceanSpray/OceanSpray/src/assets/sortIcons/variety.png": {"path":"/Users/ravikumar_pa/Documents/OceanSpray/OceanSpray/src/assets/sortIcons/variety.png","statementMap":{"0":{"start":{"line":1,"column":0},"end":{"line":4,"column":6}}},"fnMap":{},"branchMap":{},"s":{"0":1},"f":{},"b":{},"_coverageSchema":"43e27e138ebf9cfc5966b082cf9a028302ed4184","hash":"0e1802833cc885af034f71fcfbd041000ea9f7f2"}
,"/Users/ravikumar_pa/Documents/OceanSpray/OceanSpray/src/components/Button/index.js": {"path":"/Users/ravikumar_pa/Documents/OceanSpray/OceanSpray/src/components/Button/index.js","statementMap":{"0":{"start":{"line":7,"column":18},"end":{"line":18,"column":1}},"1":{"start":{"line":20,"column":21},"end":{"line":29,"column":1}},"2":{"start":{"line":33,"column":8},"end":{"line":49,"column":9}},"3":{"start":{"line":53,"column":0},"end":{"line":53,"column":35}},"4":{"start":{"line":54,"column":0},"end":{"line":54,"column":29}}},"fnMap":{"0":{"name":"(anonymous_0)","decl":{"start":{"line":24,"column":13},"end":{"line":24,"column":14}},"loc":{"start":{"line":24,"column":19},"end":{"line":24,"column":22}},"line":24},"1":{"name":"(anonymous_1)","decl":{"start":{"line":32,"column":4},"end":{"line":32,"column":5}},"loc":{"start":{"line":32,"column":13},"end":{"line":50,"column":5}},"line":32}},"branchMap":{"0":{"loc":{"start":{"line":37,"column":21},"end":{"line":42,"column":133}},"type":"binary-expr","locations":[{"start":{"line":37,"column":21},"end":{"line":37,"column":51}},{"start":{"line":38,"column":28},"end":{"line":42,"column":133}}],"line":37}},"s":{"0":1,"1":1,"2":0,"3":1,"4":1},"f":{"0":0,"1":0},"b":{"0":[0,0]},"_coverageSchema":"43e27e138ebf9cfc5966b082cf9a028302ed4184","hash":"16b8ba8c0451164d3ecec7f3ad19727447588958"}
,"/Users/ravikumar_pa/Documents/OceanSpray/OceanSpray/src/components/Button/style.js": {"path":"/Users/ravikumar_pa/Documents/OceanSpray/OceanSpray/src/components/Button/style.js","statementMap":{"0":{"start":{"line":7,"column":15},"end":{"line":31,"column":2}}},"fnMap":{},"branchMap":{"0":{"loc":{"start":{"line":16,"column":22},"end":{"line":16,"column":51}},"type":"cond-expr","locations":[{"start":{"line":16,"column":46},"end":{"line":16,"column":47}},{"start":{"line":16,"column":50},"end":{"line":16,"column":51}}],"line":16}},"s":{"0":1},"f":{},"b":{"0":[1,0]},"_coverageSchema":"43e27e138ebf9cfc5966b082cf9a028302ed4184","hash":"e2559c658e1db69b7ccffb66ea146fefd375d753"}
,"/Users/ravikumar_pa/Documents/OceanSpray/OceanSpray/src/components/InputText/index.js": {"path":"/Users/ravikumar_pa/Documents/OceanSpray/OceanSpray/src/components/InputText/index.js","statementMap":{"0":{"start":{"line":25,"column":18},"end":{"line":38,"column":1}},"1":{"start":{"line":40,"column":21},"end":{"line":53,"column":1}},"2":{"start":{"line":63,"column":8},"end":{"line":63,"column":21}},"3":{"start":{"line":64,"column":8},"end":{"line":66,"column":9}},"4":{"start":{"line":67,"column":8},"end":{"line":67,"column":53}},"5":{"start":{"line":71,"column":7},"end":{"line":71,"column":35}},"6":{"start":{"line":80,"column":152},"end":{"line":80,"column":162}},"7":{"start":{"line":81,"column":8},"end":{"line":107,"column":9}},"8":{"start":{"line":82,"column":12},"end":{"line":106,"column":14}},"9":{"start":{"line":108,"column":8},"end":{"line":131,"column":10}},"10":{"start":{"line":135,"column":0},"end":{"line":135,"column":38}},"11":{"start":{"line":137,"column":0},"end":{"line":137,"column":32}}},"fnMap":{"0":{"name":"(anonymous_0)","decl":{"start":{"line":41,"column":15},"end":{"line":41,"column":16}},"loc":{"start":{"line":41,"column":21},"end":{"line":41,"column":23}},"line":41},"1":{"name":"(anonymous_1)","decl":{"start":{"line":42,"column":20},"end":{"line":42,"column":21}},"loc":{"start":{"line":42,"column":26},"end":{"line":42,"column":28}},"line":42},"2":{"name":"(anonymous_2)","decl":{"start":{"line":43,"column":17},"end":{"line":43,"column":18}},"loc":{"start":{"line":43,"column":23},"end":{"line":43,"column":25}},"line":43},"3":{"name":"(anonymous_3)","decl":{"start":{"line":62,"column":4},"end":{"line":62,"column":5}},"loc":{"start":{"line":62,"column":23},"end":{"line":68,"column":5}},"line":62},"4":{"name":"(anonymous_4)","decl":{"start":{"line":70,"column":3},"end":{"line":70,"column":4}},"loc":{"start":{"line":70,"column":20},"end":{"line":72,"column":4}},"line":70},"5":{"name":"(anonymous_5)","decl":{"start":{"line":79,"column":4},"end":{"line":79,"column":5}},"loc":{"start":{"line":79,"column":12},"end":{"line":132,"column":5}},"line":79}},"branchMap":{"0":{"loc":{"start":{"line":81,"column":8},"end":{"line":107,"column":9}},"type":"if","locations":[{"start":{"line":81,"column":8},"end":{"line":107,"column":9}},{"start":{"line":81,"column":8},"end":{"line":107,"column":9}}],"line":81}},"s":{"0":2,"1":2,"2":0,"3":0,"4":0,"5":0,"6":0,"7":0,"8":0,"9":0,"10":2,"11":2},"f":{"0":0,"1":0,"2":0,"3":0,"4":0,"5":0},"b":{"0":[0,0]},"_coverageSchema":"43e27e138ebf9cfc5966b082cf9a028302ed4184","hash":"a0bd92471754d5b6d88d510bb08b344dcb2989a7"}
,"/Users/ravikumar_pa/Documents/OceanSpray/OceanSpray/src/components/InputText/styles.js": {"path":"/Users/ravikumar_pa/Documents/OceanSpray/OceanSpray/src/components/InputText/styles.js","statementMap":{"0":{"start":{"line":1,"column":15},"end":{"line":15,"column":1}}},"fnMap":{},"branchMap":{},"s":{"0":2},"f":{},"b":{},"_coverageSchema":"43e27e138ebf9cfc5966b082cf9a028302ed4184","hash":"3e156f6c92a6f9bd84bd0d3687f27a1b8be915e3"}
,"/Users/ravikumar_pa/Documents/OceanSpray/OceanSpray/src/components/Routes/index.js": {"path":"/Users/ravikumar_pa/Documents/OceanSpray/OceanSpray/src/components/Routes/index.js","statementMap":{"0":{"start":{"line":14,"column":18},"end":{"line":16,"column":1}},"1":{"start":{"line":18,"column":21},"end":{"line":20,"column":1}},"2":{"start":{"line":27,"column":8},"end":{"line":27,"column":21}},"3":{"start":{"line":28,"column":8},"end":{"line":28,"column":61}},"4":{"start":{"line":29,"column":8},"end":{"line":29,"column":71}},"5":{"start":{"line":30,"column":8},"end":{"line":30,"column":65}},"6":{"start":{"line":31,"column":8},"end":{"line":31,"column":71}},"7":{"start":{"line":32,"column":8},"end":{"line":32,"column":61}},"8":{"start":{"line":36,"column":8},"end":{"line":36,"column":30}},"9":{"start":{"line":37,"column":8},"end":{"line":37,"column":20}},"10":{"start":{"line":41,"column":20},"end":{"line":41,"column":97}},"11":{"start":{"line":42,"column":8},"end":{"line":42,"column":44}},"12":{"start":{"line":46,"column":20},"end":{"line":46,"column":107}},"13":{"start":{"line":47,"column":8},"end":{"line":47,"column":44}},"14":{"start":{"line":51,"column":20},"end":{"line":51,"column":101}},"15":{"start":{"line":52,"column":8},"end":{"line":52,"column":44}},"16":{"start":{"line":56,"column":20},"end":{"line":56,"column":107}},"17":{"start":{"line":57,"column":8},"end":{"line":57,"column":44}},"18":{"start":{"line":61,"column":20},"end":{"line":61,"column":97}},"19":{"start":{"line":62,"column":8},"end":{"line":62,"column":44}},"20":{"start":{"line":67,"column":8},"end":{"line":85,"column":10}},"21":{"start":{"line":89,"column":0},"end":{"line":89,"column":35}},"22":{"start":{"line":91,"column":0},"end":{"line":91,"column":29}}},"fnMap":{"0":{"name":"(anonymous_0)","decl":{"start":{"line":26,"column":4},"end":{"line":26,"column":5}},"loc":{"start":{"line":26,"column":23},"end":{"line":33,"column":1}},"line":26},"1":{"name":"(anonymous_1)","decl":{"start":{"line":35,"column":4},"end":{"line":35,"column":5}},"loc":{"start":{"line":35,"column":23},"end":{"line":38,"column":5}},"line":35},"2":{"name":"(anonymous_2)","decl":{"start":{"line":40,"column":4},"end":{"line":40,"column":5}},"loc":{"start":{"line":40,"column":31},"end":{"line":43,"column":5}},"line":40},"3":{"name":"(anonymous_3)","decl":{"start":{"line":45,"column":4},"end":{"line":45,"column":5}},"loc":{"start":{"line":45,"column":36},"end":{"line":48,"column":5}},"line":45},"4":{"name":"(anonymous_4)","decl":{"start":{"line":50,"column":4},"end":{"line":50,"column":5}},"loc":{"start":{"line":50,"column":33},"end":{"line":53,"column":5}},"line":50},"5":{"name":"(anonymous_5)","decl":{"start":{"line":55,"column":4},"end":{"line":55,"column":5}},"loc":{"start":{"line":55,"column":36},"end":{"line":58,"column":5}},"line":55},"6":{"name":"(anonymous_6)","decl":{"start":{"line":60,"column":4},"end":{"line":60,"column":5}},"loc":{"start":{"line":60,"column":31},"end":{"line":63,"column":5}},"line":60},"7":{"name":"(anonymous_7)","decl":{"start":{"line":65,"column":4},"end":{"line":65,"column":5}},"loc":{"start":{"line":65,"column":13},"end":{"line":86,"column":5}},"line":65}},"branchMap":{"0":{"loc":{"start":{"line":41,"column":20},"end":{"line":41,"column":97}},"type":"cond-expr","locations":[{"start":{"line":41,"column":30},"end":{"line":41,"column":62}},{"start":{"line":41,"column":65},"end":{"line":41,"column":97}}],"line":41},"1":{"loc":{"start":{"line":46,"column":20},"end":{"line":46,"column":107}},"type":"cond-expr","locations":[{"start":{"line":46,"column":30},"end":{"line":46,"column":67}},{"start":{"line":46,"column":70},"end":{"line":46,"column":107}}],"line":46},"2":{"loc":{"start":{"line":51,"column":20},"end":{"line":51,"column":101}},"type":"cond-expr","locations":[{"start":{"line":51,"column":30},"end":{"line":51,"column":64}},{"start":{"line":51,"column":67},"end":{"line":51,"column":101}}],"line":51},"3":{"loc":{"start":{"line":56,"column":20},"end":{"line":56,"column":107}},"type":"cond-expr","locations":[{"start":{"line":56,"column":30},"end":{"line":56,"column":67}},{"start":{"line":56,"column":70},"end":{"line":56,"column":107}}],"line":56},"4":{"loc":{"start":{"line":61,"column":20},"end":{"line":61,"column":97}},"type":"cond-expr","locations":[{"start":{"line":61,"column":30},"end":{"line":61,"column":62}},{"start":{"line":61,"column":65},"end":{"line":61,"column":97}}],"line":61}},"s":{"0":1,"1":1,"2":0,"3":0,"4":0,"5":0,"6":0,"7":0,"8":0,"9":0,"10":0,"11":0,"12":0,"13":0,"14":0,"15":0,"16":0,"17":0,"18":0,"19":0,"20":0,"21":1,"22":1},"f":{"0":0,"1":0,"2":0,"3":0,"4":0,"5":0,"6":0,"7":0},"b":{"0":[0,0],"1":[0,0],"2":[0,0],"3":[0,0],"4":[0,0]},"_coverageSchema":"43e27e138ebf9cfc5966b082cf9a028302ed4184","hash":"e13f425829813b367f27878d86eac447c033d720"}
,"/Users/ravikumar_pa/Documents/OceanSpray/OceanSpray/src/components/ToggleButton/index.js": {"path":"/Users/ravikumar_pa/Documents/OceanSpray/OceanSpray/src/components/ToggleButton/index.js","statementMap":{"0":{"start":{"line":23,"column":18},"end":{"line":41,"column":1}},"1":{"start":{"line":43,"column":21},"end":{"line":65,"column":1}},"2":{"start":{"line":78,"column":8},"end":{"line":92,"column":9}},"3":{"start":{"line":80,"column":52},"end":{"line":80,"column":85}},"4":{"start":{"line":80,"column":86},"end":{"line":80,"column":118}},"5":{"start":{"line":80,"column":118},"end":{"line":80,"column":153}},"6":{"start":{"line":85,"column":52},"end":{"line":85,"column":84}},"7":{"start":{"line":85,"column":85},"end":{"line":85,"column":118}},"8":{"start":{"line":85,"column":118},"end":{"line":85,"column":154}},"9":{"start":{"line":99,"column":0},"end":{"line":99,"column":41}},"10":{"start":{"line":100,"column":0},"end":{"line":100,"column":35}}},"fnMap":{"0":{"name":"(anonymous_0)","decl":{"start":{"line":44,"column":24},"end":{"line":44,"column":25}},"loc":{"start":{"line":44,"column":28},"end":{"line":44,"column":30}},"line":44},"1":{"name":"(anonymous_1)","decl":{"start":{"line":45,"column":25},"end":{"line":45,"column":26}},"loc":{"start":{"line":45,"column":29},"end":{"line":45,"column":31}},"line":45},"2":{"name":"(anonymous_2)","decl":{"start":{"line":46,"column":27},"end":{"line":46,"column":28}},"loc":{"start":{"line":46,"column":31},"end":{"line":46,"column":33}},"line":46},"3":{"name":"(anonymous_3)","decl":{"start":{"line":47,"column":28},"end":{"line":47,"column":29}},"loc":{"start":{"line":47,"column":32},"end":{"line":47,"column":34}},"line":47},"4":{"name":"(anonymous_4)","decl":{"start":{"line":48,"column":22},"end":{"line":48,"column":23}},"loc":{"start":{"line":48,"column":26},"end":{"line":48,"column":28}},"line":48},"5":{"name":"(anonymous_5)","decl":{"start":{"line":53,"column":24},"end":{"line":53,"column":25}},"loc":{"start":{"line":53,"column":28},"end":{"line":53,"column":30}},"line":53},"6":{"name":"(anonymous_6)","decl":{"start":{"line":54,"column":25},"end":{"line":54,"column":26}},"loc":{"start":{"line":54,"column":29},"end":{"line":54,"column":31}},"line":54},"7":{"name":"(anonymous_7)","decl":{"start":{"line":56,"column":28},"end":{"line":56,"column":29}},"loc":{"start":{"line":56,"column":32},"end":{"line":56,"column":34}},"line":56},"8":{"name":"(anonymous_8)","decl":{"start":{"line":57,"column":14},"end":{"line":57,"column":15}},"loc":{"start":{"line":57,"column":18},"end":{"line":57,"column":20}},"line":57},"9":{"name":"(anonymous_9)","decl":{"start":{"line":77,"column":4},"end":{"line":77,"column":5}},"loc":{"start":{"line":77,"column":12},"end":{"line":93,"column":5}},"line":77},"10":{"name":"(anonymous_10)","decl":{"start":{"line":80,"column":47},"end":{"line":80,"column":48}},"loc":{"start":{"line":80,"column":51},"end":{"line":80,"column":154}},"line":80},"11":{"name":"(anonymous_11)","decl":{"start":{"line":85,"column":47},"end":{"line":85,"column":48}},"loc":{"start":{"line":85,"column":51},"end":{"line":85,"column":155}},"line":85}},"branchMap":{"0":{"loc":{"start":{"line":80,"column":163},"end":{"line":80,"column":308}},"type":"cond-expr","locations":[{"start":{"line":80,"column":191},"end":{"line":80,"column":247}},{"start":{"line":80,"column":249},"end":{"line":80,"column":308}}],"line":80},"1":{"loc":{"start":{"line":82,"column":41},"end":{"line":82,"column":176}},"type":"cond-expr","locations":[{"start":{"line":82,"column":69},"end":{"line":82,"column":110}},{"start":{"line":82,"column":111},"end":{"line":82,"column":176}}],"line":82},"2":{"loc":{"start":{"line":85,"column":164},"end":{"line":85,"column":333}},"type":"cond-expr","locations":[{"start":{"line":85,"column":192},"end":{"line":85,"column":272}},{"start":{"line":85,"column":274},"end":{"line":85,"column":333}}],"line":85},"3":{"loc":{"start":{"line":87,"column":41},"end":{"line":87,"column":176}},"type":"cond-expr","locations":[{"start":{"line":87,"column":69},"end":{"line":87,"column":110}},{"start":{"line":87,"column":111},"end":{"line":87,"column":176}}],"line":87}},"s":{"0":1,"1":1,"2":0,"3":0,"4":0,"5":0,"6":0,"7":0,"8":0,"9":1,"10":1},"f":{"0":0,"1":0,"2":0,"3":0,"4":0,"5":0,"6":0,"7":0,"8":0,"9":0,"10":0,"11":0},"b":{"0":[0,0],"1":[0,0],"2":[0,0],"3":[0,0]},"_coverageSchema":"43e27e138ebf9cfc5966b082cf9a028302ed4184","hash":"b489cd26c975918d8fb51f9accfd64457da24b42"}
,"/Users/ravikumar_pa/Documents/OceanSpray/OceanSpray/src/components/ToggleButton/styles.js": {"path":"/Users/ravikumar_pa/Documents/OceanSpray/OceanSpray/src/components/ToggleButton/styles.js","statementMap":{"0":{"start":{"line":4,"column":15},"end":{"line":49,"column":2}}},"fnMap":{},"branchMap":{},"s":{"0":1},"f":{},"b":{},"_coverageSchema":"43e27e138ebf9cfc5966b082cf9a028302ed4184","hash":"57b90898a60144406c6faaba74a28b576ec8f7e6"}
,"/Users/ravikumar_pa/Documents/OceanSpray/OceanSpray/src/components/Toolbar/index.js": {"path":"/Users/ravikumar_pa/Documents/OceanSpray/OceanSpray/src/components/Toolbar/index.js","statementMap":{"0":{"start":{"line":24,"column":18},"end":{"line":35,"column":1}},"1":{"start":{"line":37,"column":21},"end":{"line":47,"column":1}},"2":{"start":{"line":61,"column":8},"end":{"line":93,"column":9}},"3":{"start":{"line":98,"column":0},"end":{"line":98,"column":36}},"4":{"start":{"line":99,"column":0},"end":{"line":99,"column":30}}},"fnMap":{"0":{"name":"(anonymous_0)","decl":{"start":{"line":39,"column":25},"end":{"line":39,"column":26}},"loc":{"start":{"line":39,"column":31},"end":{"line":39,"column":33}},"line":39},"1":{"name":"(anonymous_1)","decl":{"start":{"line":40,"column":29},"end":{"line":40,"column":30}},"loc":{"start":{"line":40,"column":33},"end":{"line":40,"column":35}},"line":40},"2":{"name":"(anonymous_2)","decl":{"start":{"line":59,"column":4},"end":{"line":59,"column":5}},"loc":{"start":{"line":59,"column":12},"end":{"line":94,"column":5}},"line":59}},"branchMap":{"0":{"loc":{"start":{"line":64,"column":25},"end":{"line":71,"column":47}},"type":"binary-expr","locations":[{"start":{"line":64,"column":25},"end":{"line":64,"column":56}},{"start":{"line":65,"column":28},"end":{"line":71,"column":47}}],"line":64},"1":{"loc":{"start":{"line":78,"column":25},"end":{"line":88,"column":47}},"type":"binary-expr","locations":[{"start":{"line":78,"column":25},"end":{"line":78,"column":59}},{"start":{"line":79,"column":28},"end":{"line":88,"column":47}}],"line":78},"2":{"loc":{"start":{"line":82,"column":37},"end":{"line":85,"column":43}},"type":"binary-expr","locations":[{"start":{"line":82,"column":37},"end":{"line":82,"column":65}},{"start":{"line":83,"column":36},"end":{"line":85,"column":43}}],"line":82}},"s":{"0":1,"1":1,"2":0,"3":1,"4":1},"f":{"0":0,"1":0,"2":0},"b":{"0":[0,0],"1":[0,0],"2":[0,0]},"_coverageSchema":"43e27e138ebf9cfc5966b082cf9a028302ed4184","hash":"573537b3b7860d39457805dffbc2fab26b301072"}
,"/Users/ravikumar_pa/Documents/OceanSpray/OceanSpray/src/components/Toolbar/styles.js": {"path":"/Users/ravikumar_pa/Documents/OceanSpray/OceanSpray/src/components/Toolbar/styles.js","statementMap":{"0":{"start":{"line":5,"column":15},"end":{"line":78,"column":2}}},"fnMap":{},"branchMap":{},"s":{"0":1},"f":{},"b":{},"_coverageSchema":"43e27e138ebf9cfc5966b082cf9a028302ed4184","hash":"4f8b8db64cc5ade4f79385c006bf4596cfa9a704"}
,"/Users/ravikumar_pa/Documents/OceanSpray/OceanSpray/src/config/store.js": {"path":"/Users/ravikumar_pa/Documents/OceanSpray/OceanSpray/src/config/store.js","statementMap":{"0":{"start":{"line":8,"column":22},"end":{"line":13,"column":1}},"1":{"start":{"line":15,"column":25},"end":{"line":15,"column":64}},"2":{"start":{"line":18,"column":18},"end":{"line":18,"column":75}},"3":{"start":{"line":19,"column":20},"end":{"line":19,"column":39}},"4":{"start":{"line":20,"column":4},"end":{"line":20,"column":30}}},"fnMap":{"0":{"name":"(anonymous_0)","decl":{"start":{"line":17,"column":15},"end":{"line":17,"column":16}},"loc":{"start":{"line":17,"column":21},"end":{"line":21,"column":1}},"line":17}},"branchMap":{},"s":{"0":1,"1":1,"2":1,"3":1,"4":1},"f":{"0":1},"b":{},"_coverageSchema":"43e27e138ebf9cfc5966b082cf9a028302ed4184","hash":"fce2e42bb858a713a75a2ec47947c8702ba95046"}
,"/Users/ravikumar_pa/Documents/OceanSpray/OceanSpray/src/constants/colors.js": {"path":"/Users/ravikumar_pa/Documents/OceanSpray/OceanSpray/src/constants/colors.js","statementMap":{"0":{"start":{"line":1,"column":20},"end":{"line":1,"column":29}},"1":{"start":{"line":2,"column":19},"end":{"line":2,"column":28}},"2":{"start":{"line":3,"column":14},"end":{"line":3,"column":20}},"3":{"start":{"line":5,"column":19},"end":{"line":9,"column":1}}},"fnMap":{},"branchMap":{},"s":{"0":1,"1":1,"2":1,"3":1},"f":{},"b":{},"_coverageSchema":"43e27e138ebf9cfc5966b082cf9a028302ed4184","hash":"781a5a7c76669b2efa2fa4a4f057c5e52fa5f96b"}
,"/Users/ravikumar_pa/Documents/OceanSpray/OceanSpray/src/constants/imageSource.js": {"path":"/Users/ravikumar_pa/Documents/OceanSpray/OceanSpray/src/constants/imageSource.js","statementMap":{"0":{"start":{"line":1,"column":22},"end":{"line":1,"column":55}},"1":{"start":{"line":2,"column":23},"end":{"line":2,"column":62}},"2":{"start":{"line":3,"column":29},"end":{"line":3,"column":66}},"3":{"start":{"line":4,"column":37},"end":{"line":4,"column":68}},"4":{"start":{"line":6,"column":16},"end":{"line":6,"column":58}},"5":{"start":{"line":7,"column":17},"end":{"line":7,"column":60}},"6":{"start":{"line":8,"column":23},"end":{"line":8,"column":72}},"7":{"start":{"line":9,"column":18},"end":{"line":9,"column":62}},"8":{"start":{"line":10,"column":16},"end":{"line":10,"column":58}},"9":{"start":{"line":11,"column":17},"end":{"line":11,"column":60}},"10":{"start":{"line":12,"column":18},"end":{"line":12,"column":62}},"11":{"start":{"line":13,"column":16},"end":{"line":13,"column":58}},"12":{"start":{"line":15,"column":25},"end":{"line":28,"column":1}}},"fnMap":{},"branchMap":{},"s":{"0":1,"1":1,"2":1,"3":1,"4":1,"5":1,"6":1,"7":1,"8":1,"9":1,"10":1,"11":1,"12":1},"f":{},"b":{},"_coverageSchema":"43e27e138ebf9cfc5966b082cf9a028302ed4184","hash":"aa5a12a6da9d402dea158634b03c20a35004613a"}
,"/Users/ravikumar_pa/Documents/OceanSpray/OceanSpray/src/reducers/appReducer.js": {"path":"/Users/ravikumar_pa/Documents/OceanSpray/OceanSpray/src/reducers/appReducer.js","statementMap":{"0":{"start":{"line":1,"column":21},"end":{"line":3,"column":1}},"1":{"start":{"line":6,"column":4},"end":{"line":10,"column":5}},"2":{"start":{"line":9,"column":12},"end":{"line":9,"column":25}}},"fnMap":{"0":{"name":"(anonymous_0)","decl":{"start":{"line":5,"column":15},"end":{"line":5,"column":16}},"loc":{"start":{"line":5,"column":49},"end":{"line":11,"column":1}},"line":5}},"branchMap":{"0":{"loc":{"start":{"line":5,"column":16},"end":{"line":5,"column":36}},"type":"default-arg","locations":[{"start":{"line":5,"column":24},"end":{"line":5,"column":36}}],"line":5},"1":{"loc":{"start":{"line":6,"column":4},"end":{"line":10,"column":5}},"type":"switch","locations":[{"start":{"line":8,"column":8},"end":{"line":9,"column":25}}],"line":6}},"s":{"0":1,"1":4,"2":4},"f":{"0":4},"b":{"0":[3],"1":[4]},"_coverageSchema":"43e27e138ebf9cfc5966b082cf9a028302ed4184","hash":"50526d8c3245981faf1dbbf3022ab4d5c5b2276d"}
,"/Users/ravikumar_pa/Documents/OceanSpray/OceanSpray/src/reducers/index.js": {"path":"/Users/ravikumar_pa/Documents/OceanSpray/OceanSpray/src/reducers/index.js","statementMap":{},"fnMap":{},"branchMap":{},"s":{},"f":{},"b":{},"_coverageSchema":"43e27e138ebf9cfc5966b082cf9a028302ed4184","hash":"5235da260a44bdd4c590c86a4639185e3cebb196"}
,"/Users/ravikumar_pa/Documents/OceanSpray/OceanSpray/src/screens/Flowchart/Templates/index.js": {"path":"/Users/ravikumar_pa/Documents/OceanSpray/OceanSpray/src/screens/Flowchart/Templates/index.js","statementMap":{"0":{"start":{"line":21,"column":18},"end":{"line":26,"column":3}},"1":{"start":{"line":28,"column":21},"end":{"line":33,"column":1}},"2":{"start":{"line":37,"column":4},"end":{"line":37,"column":17}},"3":{"start":{"line":38,"column":4},"end":{"line":42,"column":5}},"4":{"start":{"line":43,"column":4},"end":{"line":43,"column":63}},"5":{"start":{"line":44,"column":4},"end":{"line":44,"column":65}},"6":{"start":{"line":46,"column":11},"end":{"line":50,"column":1}},"7":{"start":{"line":47,"column":2},"end":{"line":47,"column":107}},"8":{"start":{"line":48,"column":2},"end":{"line":48,"column":34}},"9":{"start":{"line":52,"column":10},"end":{"line":52,"column":39}},"10":{"start":{"line":55,"column":10},"end":{"line":55,"column":40}},"11":{"start":{"line":57,"column":11},"end":{"line":65,"column":5}},"12":{"start":{"line":58,"column":6},"end":{"line":64,"column":10}},"13":{"start":{"line":59,"column":11},"end":{"line":63,"column":13}},"14":{"start":{"line":62,"column":14},"end":{"line":62,"column":30}},"15":{"start":{"line":67,"column":4},"end":{"line":123,"column":6}},"16":{"start":{"line":99,"column":29},"end":{"line":99,"column":53}},"17":{"start":{"line":126,"column":0},"end":{"line":126,"column":46}},"18":{"start":{"line":128,"column":0},"end":{"line":128,"column":40}}},"fnMap":{"0":{"name":"(anonymous_0)","decl":{"start":{"line":29,"column":21},"end":{"line":29,"column":22}},"loc":{"start":{"line":29,"column":25},"end":{"line":29,"column":27}},"line":29},"1":{"name":"(anonymous_1)","decl":{"start":{"line":30,"column":22},"end":{"line":30,"column":23}},"loc":{"start":{"line":30,"column":26},"end":{"line":30,"column":28}},"line":30},"2":{"name":"(anonymous_2)","decl":{"start":{"line":31,"column":14},"end":{"line":31,"column":15}},"loc":{"start":{"line":31,"column":18},"end":{"line":31,"column":20}},"line":31},"3":{"name":"(anonymous_3)","decl":{"start":{"line":32,"column":15},"end":{"line":32,"column":16}},"loc":{"start":{"line":32,"column":19},"end":{"line":32,"column":21}},"line":32},"4":{"name":"(anonymous_4)","decl":{"start":{"line":36,"column":2},"end":{"line":36,"column":3}},"loc":{"start":{"line":36,"column":20},"end":{"line":45,"column":1}},"line":36},"5":{"name":"(anonymous_5)","decl":{"start":{"line":46,"column":11},"end":{"line":46,"column":12}},"loc":{"start":{"line":46,"column":17},"end":{"line":50,"column":1}},"line":46},"6":{"name":"(anonymous_6)","decl":{"start":{"line":51,"column":2},"end":{"line":51,"column":3}},"loc":{"start":{"line":51,"column":23},"end":{"line":53,"column":5}},"line":51},"7":{"name":"(anonymous_7)","decl":{"start":{"line":54,"column":2},"end":{"line":54,"column":3}},"loc":{"start":{"line":54,"column":24},"end":{"line":56,"column":5}},"line":54},"8":{"name":"(anonymous_8)","decl":{"start":{"line":57,"column":11},"end":{"line":57,"column":12}},"loc":{"start":{"line":57,"column":18},"end":{"line":65,"column":5}},"line":57},"9":{"name":"(anonymous_9)","decl":{"start":{"line":61,"column":13},"end":{"line":61,"column":14}},"loc":{"start":{"line":61,"column":19},"end":{"line":63,"column":11}},"line":61},"10":{"name":"(anonymous_10)","decl":{"start":{"line":66,"column":2},"end":{"line":66,"column":3}},"loc":{"start":{"line":66,"column":11},"end":{"line":124,"column":3}},"line":66},"11":{"name":"(anonymous_11)","decl":{"start":{"line":99,"column":23},"end":{"line":99,"column":24}},"loc":{"start":{"line":99,"column":29},"end":{"line":99,"column":53}},"line":99}},"branchMap":{"0":{"loc":{"start":{"line":47,"column":2},"end":{"line":47,"column":106}},"type":"binary-expr","locations":[{"start":{"line":47,"column":2},"end":{"line":47,"column":49}},{"start":{"line":47,"column":53},"end":{"line":47,"column":106}}],"line":47},"1":{"loc":{"start":{"line":58,"column":6},"end":{"line":64,"column":10}},"type":"if","locations":[{"start":{"line":58,"column":6},"end":{"line":64,"column":10}},{"start":{"line":58,"column":6},"end":{"line":64,"column":10}}],"line":58},"2":{"loc":{"start":{"line":105,"column":35},"end":{"line":105,"column":111}},"type":"cond-expr","locations":[{"start":{"line":105,"column":58},"end":{"line":105,"column":82}},{"start":{"line":105,"column":85},"end":{"line":105,"column":111}}],"line":105},"3":{"loc":{"start":{"line":109,"column":15},"end":{"line":112,"column":23}},"type":"binary-expr","locations":[{"start":{"line":109,"column":15},"end":{"line":109,"column":35}},{"start":{"line":110,"column":16},"end":{"line":112,"column":23}}],"line":109}},"s":{"0":1,"1":1,"2":0,"3":0,"4":0,"5":0,"6":0,"7":0,"8":0,"9":0,"10":0,"11":0,"12":0,"13":0,"14":0,"15":0,"16":0,"17":1,"18":1},"f":{"0":0,"1":0,"2":0,"3":0,"4":0,"5":0,"6":0,"7":0,"8":0,"9":0,"10":0,"11":0},"b":{"0":[0,0],"1":[0,0],"2":[0,0],"3":[0,0]},"_coverageSchema":"43e27e138ebf9cfc5966b082cf9a028302ed4184","hash":"f7a053179169710831c82ec0dcf46a1dfe1048ac"}
,"/Users/ravikumar_pa/Documents/OceanSpray/OceanSpray/src/screens/Flowchart/Templates/style.js": {"path":"/Users/ravikumar_pa/Documents/OceanSpray/OceanSpray/src/screens/Flowchart/Templates/style.js","statementMap":{"0":{"start":{"line":3,"column":15},"end":{"line":85,"column":2}}},"fnMap":{},"branchMap":{"0":{"loc":{"start":{"line":42,"column":18},"end":{"line":42,"column":47}},"type":"cond-expr","locations":[{"start":{"line":42,"column":42},"end":{"line":42,"column":43}},{"start":{"line":42,"column":46},"end":{"line":42,"column":47}}],"line":42},"1":{"loc":{"start":{"line":76,"column":17},"end":{"line":76,"column":47}},"type":"cond-expr","locations":[{"start":{"line":76,"column":41},"end":{"line":76,"column":43}},{"start":{"line":76,"column":46},"end":{"line":76,"column":47}}],"line":76}},"s":{"0":1},"f":{},"b":{"0":[1,0],"1":[1,0]},"_coverageSchema":"43e27e138ebf9cfc5966b082cf9a028302ed4184","hash":"c0e8531a9b0dba536ddd4c87e4d375e444e0fee1"}
,"/Users/ravikumar_pa/Documents/OceanSpray/OceanSpray/src/screens/ForgotPassword/containers/index.js": {"path":"/Users/ravikumar_pa/Documents/OceanSpray/OceanSpray/src/screens/ForgotPassword/containers/index.js","statementMap":{"0":{"start":{"line":49,"column":13},"end":{"line":61,"column":1}},"1":{"start":{"line":70,"column":136},"end":{"line":70,"column":141}},"2":{"start":{"line":71,"column":4},"end":{"line":83,"column":5}},"3":{"start":{"line":86,"column":18},"end":{"line":94,"column":1}},"4":{"start":{"line":87,"column":2},"end":{"line":93,"column":15}},"5":{"start":{"line":96,"column":24},"end":{"line":98,"column":3}},"6":{"start":{"line":97,"column":4},"end":{"line":97,"column":32}},"7":{"start":{"line":99,"column":21},"end":{"line":101,"column":3}},"8":{"start":{"line":100,"column":4},"end":{"line":100,"column":32}},"9":{"start":{"line":106,"column":4},"end":{"line":113,"column":6}},"10":{"start":{"line":124,"column":17},"end":{"line":132,"column":1}},"11":{"start":{"line":125,"column":17},"end":{"line":125,"column":19}},"12":{"start":{"line":126,"column":2},"end":{"line":130,"column":3}},"13":{"start":{"line":127,"column":6},"end":{"line":127,"column":41}},"14":{"start":{"line":128,"column":9},"end":{"line":130,"column":3}},"15":{"start":{"line":129,"column":6},"end":{"line":129,"column":58}},"16":{"start":{"line":131,"column":2},"end":{"line":131,"column":16}},"17":{"start":{"line":140,"column":24},"end":{"line":142,"column":2}},"18":{"start":{"line":140,"column":33},"end":{"line":142,"column":1}},"19":{"start":{"line":151,"column":27},"end":{"line":153,"column":2}},"20":{"start":{"line":151,"column":39},"end":{"line":153,"column":1}}},"fnMap":{"0":{"name":"(anonymous_0)","decl":{"start":{"line":49,"column":13},"end":{"line":49,"column":14}},"loc":{"start":{"line":49,"column":19},"end":{"line":61,"column":1}},"line":49},"1":{"name":"(anonymous_1)","decl":{"start":{"line":69,"column":3},"end":{"line":69,"column":4}},"loc":{"start":{"line":69,"column":26},"end":{"line":85,"column":1}},"line":69},"2":{"name":"(anonymous_2)","decl":{"start":{"line":86,"column":18},"end":{"line":86,"column":19}},"loc":{"start":{"line":86,"column":24},"end":{"line":94,"column":1}},"line":86},"3":{"name":"(anonymous_3)","decl":{"start":{"line":96,"column":24},"end":{"line":96,"column":25}},"loc":{"start":{"line":96,"column":29},"end":{"line":98,"column":3}},"line":96},"4":{"name":"(anonymous_4)","decl":{"start":{"line":99,"column":21},"end":{"line":99,"column":22}},"loc":{"start":{"line":99,"column":26},"end":{"line":101,"column":3}},"line":99},"5":{"name":"(anonymous_5)","decl":{"start":{"line":104,"column":2},"end":{"line":104,"column":3}},"loc":{"start":{"line":104,"column":11},"end":{"line":114,"column":3}},"line":104},"6":{"name":"(anonymous_6)","decl":{"start":{"line":124,"column":17},"end":{"line":124,"column":18}},"loc":{"start":{"line":124,"column":29},"end":{"line":132,"column":1}},"line":124},"7":{"name":"(anonymous_7)","decl":{"start":{"line":140,"column":24},"end":{"line":140,"column":25}},"loc":{"start":{"line":140,"column":33},"end":{"line":142,"column":1}},"line":140},"8":{"name":"(anonymous_8)","decl":{"start":{"line":151,"column":27},"end":{"line":151,"column":28}},"loc":{"start":{"line":151,"column":39},"end":{"line":153,"column":1}},"line":151}},"branchMap":{"0":{"loc":{"start":{"line":81,"column":13},"end":{"line":81,"column":75}},"type":"cond-expr","locations":[{"start":{"line":81,"column":23},"end":{"line":81,"column":68}},{"start":{"line":81,"column":71},"end":{"line":81,"column":75}}],"line":81},"1":{"loc":{"start":{"line":126,"column":2},"end":{"line":130,"column":3}},"type":"if","locations":[{"start":{"line":126,"column":2},"end":{"line":130,"column":3}},{"start":{"line":126,"column":2},"end":{"line":130,"column":3}}],"line":126},"2":{"loc":{"start":{"line":128,"column":9},"end":{"line":130,"column":3}},"type":"if","locations":[{"start":{"line":128,"column":9},"end":{"line":130,"column":3}},{"start":{"line":128,"column":9},"end":{"line":130,"column":3}}],"line":128}},"s":{"0":0,"1":0,"2":0,"3":0,"4":0,"5":0,"6":0,"7":0,"8":0,"9":0,"10":1,"11":0,"12":0,"13":0,"14":0,"15":0,"16":0,"17":1,"18":0,"19":1,"20":0},"f":{"0":0,"1":0,"2":0,"3":0,"4":0,"5":0,"6":0,"7":0,"8":0},"b":{"0":[0,0],"1":[0,0],"2":[0,0]},"_coverageSchema":"43e27e138ebf9cfc5966b082cf9a028302ed4184","hash":"493a58bbdc20997fc0d94818a04abb37cdbc00f9"}
,"/Users/ravikumar_pa/Documents/OceanSpray/OceanSpray/src/screens/ForgotPassword/containers/styles.js": {"path":"/Users/ravikumar_pa/Documents/OceanSpray/OceanSpray/src/screens/ForgotPassword/containers/styles.js","statementMap":{"0":{"start":{"line":4,"column":15},"end":{"line":11,"column":5}}},"fnMap":{},"branchMap":{},"s":{"0":1},"f":{},"b":{},"_coverageSchema":"43e27e138ebf9cfc5966b082cf9a028302ed4184","hash":"3638549930d83a08ac757bb3c45995cf849f1a57"}
,"/Users/ravikumar_pa/Documents/OceanSpray/OceanSpray/src/screens/ForgotPassword/templates/index.js": {"path":"/Users/ravikumar_pa/Documents/OceanSpray/OceanSpray/src/screens/ForgotPassword/templates/index.js","statementMap":{"0":{"start":{"line":39,"column":18},"end":{"line":46,"column":1}},"1":{"start":{"line":48,"column":21},"end":{"line":55,"column":1}},"2":{"start":{"line":72,"column":8},"end":{"line":98,"column":10}},"3":{"start":{"line":102,"column":0},"end":{"line":102,"column":51}},"4":{"start":{"line":104,"column":0},"end":{"line":104,"column":45}}},"fnMap":{"0":{"name":"(anonymous_0)","decl":{"start":{"line":50,"column":14},"end":{"line":50,"column":15}},"loc":{"start":{"line":50,"column":20},"end":{"line":50,"column":22}},"line":50},"1":{"name":"(anonymous_1)","decl":{"start":{"line":51,"column":17},"end":{"line":51,"column":18}},"loc":{"start":{"line":51,"column":23},"end":{"line":51,"column":25}},"line":51},"2":{"name":"(anonymous_2)","decl":{"start":{"line":52,"column":22},"end":{"line":52,"column":23}},"loc":{"start":{"line":52,"column":28},"end":{"line":52,"column":30}},"line":52},"3":{"name":"(anonymous_3)","decl":{"start":{"line":53,"column":25},"end":{"line":53,"column":26}},"loc":{"start":{"line":53,"column":31},"end":{"line":53,"column":33}},"line":53},"4":{"name":"(anonymous_4)","decl":{"start":{"line":54,"column":18},"end":{"line":54,"column":19}},"loc":{"start":{"line":54,"column":23},"end":{"line":54,"column":25}},"line":54},"5":{"name":"(anonymous_5)","decl":{"start":{"line":71,"column":4},"end":{"line":71,"column":5}},"loc":{"start":{"line":71,"column":13},"end":{"line":99,"column":5}},"line":71}},"branchMap":{},"s":{"0":1,"1":1,"2":0,"3":1,"4":1},"f":{"0":0,"1":0,"2":0,"3":0,"4":0,"5":0},"b":{},"_coverageSchema":"43e27e138ebf9cfc5966b082cf9a028302ed4184","hash":"6b6c2e0499ad15efb9e9c624fb219bb8bc73eaa6"}
,"/Users/ravikumar_pa/Documents/OceanSpray/OceanSpray/src/screens/ForgotPassword/templates/styles.js": {"path":"/Users/ravikumar_pa/Documents/OceanSpray/OceanSpray/src/screens/ForgotPassword/templates/styles.js","statementMap":{"0":{"start":{"line":3,"column":15},"end":{"line":52,"column":2}}},"fnMap":{},"branchMap":{},"s":{"0":1},"f":{},"b":{},"_coverageSchema":"43e27e138ebf9cfc5966b082cf9a028302ed4184","hash":"10a8e4c3fc6b2ec048a1c1dc4bac1291f4125196"}
,"/Users/ravikumar_pa/Documents/OceanSpray/OceanSpray/src/screens/ForgotUsername/containers/index.js": {"path":"/Users/ravikumar_pa/Documents/OceanSpray/OceanSpray/src/screens/ForgotUsername/containers/index.js","statementMap":{"0":{"start":{"line":55,"column":136},"end":{"line":55,"column":141}},"1":{"start":{"line":56,"column":4},"end":{"line":68,"column":5}},"2":{"start":{"line":72,"column":18},"end":{"line":80,"column":3}},"3":{"start":{"line":73,"column":4},"end":{"line":79,"column":17}},"4":{"start":{"line":82,"column":21},"end":{"line":84,"column":1}},"5":{"start":{"line":83,"column":4},"end":{"line":83,"column":32}},"6":{"start":{"line":86,"column":22},"end":{"line":88,"column":1}},"7":{"start":{"line":87,"column":4},"end":{"line":87,"column":19}},"8":{"start":{"line":97,"column":12},"end":{"line":100,"column":65}},"9":{"start":{"line":111,"column":17},"end":{"line":119,"column":3}},"10":{"start":{"line":112,"column":19},"end":{"line":112,"column":21}},"11":{"start":{"line":113,"column":4},"end":{"line":117,"column":5}},"12":{"start":{"line":114,"column":8},"end":{"line":114,"column":43}},"13":{"start":{"line":115,"column":11},"end":{"line":117,"column":5}},"14":{"start":{"line":116,"column":8},"end":{"line":116,"column":60}},"15":{"start":{"line":118,"column":4},"end":{"line":118,"column":18}},"16":{"start":{"line":128,"column":24},"end":{"line":131,"column":2}},"17":{"start":{"line":128,"column":34},"end":{"line":131,"column":1}},"18":{"start":{"line":141,"column":27},"end":{"line":144,"column":2}},"19":{"start":{"line":141,"column":40},"end":{"line":144,"column":1}}},"fnMap":{"0":{"name":"(anonymous_0)","decl":{"start":{"line":54,"column":0},"end":{"line":54,"column":1}},"loc":{"start":{"line":54,"column":23},"end":{"line":70,"column":1}},"line":54},"1":{"name":"(anonymous_1)","decl":{"start":{"line":72,"column":18},"end":{"line":72,"column":19}},"loc":{"start":{"line":72,"column":24},"end":{"line":80,"column":3}},"line":72},"2":{"name":"(anonymous_2)","decl":{"start":{"line":82,"column":21},"end":{"line":82,"column":22}},"loc":{"start":{"line":82,"column":26},"end":{"line":84,"column":1}},"line":82},"3":{"name":"(anonymous_3)","decl":{"start":{"line":86,"column":22},"end":{"line":86,"column":23}},"loc":{"start":{"line":86,"column":27},"end":{"line":88,"column":1}},"line":86},"4":{"name":"(anonymous_4)","decl":{"start":{"line":96,"column":4},"end":{"line":96,"column":5}},"loc":{"start":{"line":96,"column":12},"end":{"line":101,"column":5}},"line":96},"5":{"name":"(anonymous_5)","decl":{"start":{"line":111,"column":17},"end":{"line":111,"column":18}},"loc":{"start":{"line":111,"column":29},"end":{"line":119,"column":3}},"line":111},"6":{"name":"(anonymous_6)","decl":{"start":{"line":128,"column":24},"end":{"line":128,"column":25}},"loc":{"start":{"line":128,"column":34},"end":{"line":131,"column":1}},"line":128},"7":{"name":"(anonymous_7)","decl":{"start":{"line":141,"column":27},"end":{"line":141,"column":28}},"loc":{"start":{"line":141,"column":40},"end":{"line":144,"column":1}},"line":141}},"branchMap":{"0":{"loc":{"start":{"line":66,"column":13},"end":{"line":66,"column":75}},"type":"cond-expr","locations":[{"start":{"line":66,"column":23},"end":{"line":66,"column":68}},{"start":{"line":66,"column":71},"end":{"line":66,"column":75}}],"line":66},"1":{"loc":{"start":{"line":113,"column":4},"end":{"line":117,"column":5}},"type":"if","locations":[{"start":{"line":113,"column":4},"end":{"line":117,"column":5}},{"start":{"line":113,"column":4},"end":{"line":117,"column":5}}],"line":113},"2":{"loc":{"start":{"line":115,"column":11},"end":{"line":117,"column":5}},"type":"if","locations":[{"start":{"line":115,"column":11},"end":{"line":117,"column":5}},{"start":{"line":115,"column":11},"end":{"line":117,"column":5}}],"line":115}},"s":{"0":0,"1":0,"2":0,"3":0,"4":0,"5":0,"6":0,"7":0,"8":0,"9":1,"10":0,"11":0,"12":0,"13":0,"14":0,"15":0,"16":1,"17":0,"18":1,"19":0},"f":{"0":0,"1":0,"2":0,"3":0,"4":0,"5":0,"6":0,"7":0},"b":{"0":[0,0],"1":[0,0],"2":[0,0]},"_coverageSchema":"43e27e138ebf9cfc5966b082cf9a028302ed4184","hash":"67e3d0b228ab500967f94db7ef2a50d2dc893028"}
,"/Users/ravikumar_pa/Documents/OceanSpray/OceanSpray/src/screens/ForgotUsername/containers/style.js": {"path":"/Users/ravikumar_pa/Documents/OceanSpray/OceanSpray/src/screens/ForgotUsername/containers/style.js","statementMap":{"0":{"start":{"line":4,"column":15},"end":{"line":11,"column":5}}},"fnMap":{},"branchMap":{},"s":{"0":1},"f":{},"b":{},"_coverageSchema":"43e27e138ebf9cfc5966b082cf9a028302ed4184","hash":"4c43f544fdebfa3bbe1a55ad7b2011cb9c8cfec9"}
,"/Users/ravikumar_pa/Documents/OceanSpray/OceanSpray/src/screens/ForgotUsername/templates/index.js": {"path":"/Users/ravikumar_pa/Documents/OceanSpray/OceanSpray/src/screens/ForgotUsername/templates/index.js","statementMap":{"0":{"start":{"line":47,"column":18},"end":{"line":54,"column":1}},"1":{"start":{"line":56,"column":21},"end":{"line":62,"column":1}},"2":{"start":{"line":94,"column":8},"end":{"line":96,"column":11}},"3":{"start":{"line":104,"column":8},"end":{"line":104,"column":25}},"4":{"start":{"line":112,"column":8},"end":{"line":143,"column":9}},"5":{"start":{"line":148,"column":0},"end":{"line":148,"column":45}},"6":{"start":{"line":150,"column":0},"end":{"line":150,"column":39}}},"fnMap":{"0":{"name":"(anonymous_0)","decl":{"start":{"line":58,"column":17},"end":{"line":58,"column":18}},"loc":{"start":{"line":58,"column":23},"end":{"line":58,"column":25}},"line":58},"1":{"name":"(anonymous_1)","decl":{"start":{"line":59,"column":22},"end":{"line":59,"column":23}},"loc":{"start":{"line":59,"column":27},"end":{"line":59,"column":29}},"line":59},"2":{"name":"(anonymous_2)","decl":{"start":{"line":60,"column":25},"end":{"line":60,"column":26}},"loc":{"start":{"line":60,"column":31},"end":{"line":60,"column":33}},"line":60},"3":{"name":"(anonymous_3)","decl":{"start":{"line":61,"column":18},"end":{"line":61,"column":19}},"loc":{"start":{"line":61,"column":23},"end":{"line":61,"column":25}},"line":61},"4":{"name":"(anonymous_4)","decl":{"start":{"line":93,"column":4},"end":{"line":93,"column":5}},"loc":{"start":{"line":93,"column":25},"end":{"line":97,"column":5}},"line":93},"5":{"name":"(anonymous_5)","decl":{"start":{"line":103,"column":4},"end":{"line":103,"column":5}},"loc":{"start":{"line":103,"column":15},"end":{"line":105,"column":5}},"line":103},"6":{"name":"(anonymous_6)","decl":{"start":{"line":111,"column":4},"end":{"line":111,"column":5}},"loc":{"start":{"line":111,"column":13},"end":{"line":144,"column":5}},"line":111}},"branchMap":{},"s":{"0":1,"1":1,"2":0,"3":0,"4":0,"5":1,"6":1},"f":{"0":0,"1":0,"2":0,"3":0,"4":0,"5":0,"6":0},"b":{},"_coverageSchema":"43e27e138ebf9cfc5966b082cf9a028302ed4184","hash":"4a03236beaaaf803ffa918f3b5dbc4b2d4d47ab3"}
,"/Users/ravikumar_pa/Documents/OceanSpray/OceanSpray/src/screens/ForgotUsername/templates/style.js": {"path":"/Users/ravikumar_pa/Documents/OceanSpray/OceanSpray/src/screens/ForgotUsername/templates/style.js","statementMap":{"0":{"start":{"line":7,"column":15},"end":{"line":73,"column":2}}},"fnMap":{},"branchMap":{"0":{"loc":{"start":{"line":31,"column":22},"end":{"line":31,"column":51}},"type":"cond-expr","locations":[{"start":{"line":31,"column":46},"end":{"line":31,"column":47}},{"start":{"line":31,"column":50},"end":{"line":31,"column":51}}],"line":31}},"s":{"0":1},"f":{},"b":{"0":[1,0]},"_coverageSchema":"43e27e138ebf9cfc5966b082cf9a028302ed4184","hash":"45afad98c3153dd906d924f21a7ca9af2a436ced"}
,"/Users/ravikumar_pa/Documents/OceanSpray/OceanSpray/src/screens/Language/containers/index.js": {"path":"/Users/ravikumar_pa/Documents/OceanSpray/OceanSpray/src/screens/Language/containers/index.js","statementMap":{"0":{"start":{"line":8,"column":19},"end":{"line":10,"column":1}},"1":{"start":{"line":9,"column":4},"end":{"line":9,"column":32}},"2":{"start":{"line":14,"column":12},"end":{"line":15,"column":59}}},"fnMap":{"0":{"name":"(anonymous_0)","decl":{"start":{"line":8,"column":19},"end":{"line":8,"column":20}},"loc":{"start":{"line":8,"column":24},"end":{"line":10,"column":1}},"line":8},"1":{"name":"(anonymous_1)","decl":{"start":{"line":13,"column":4},"end":{"line":13,"column":5}},"loc":{"start":{"line":13,"column":12},"end":{"line":16,"column":5}},"line":13}},"branchMap":{},"s":{"0":0,"1":0,"2":0},"f":{"0":0,"1":0},"b":{},"_coverageSchema":"43e27e138ebf9cfc5966b082cf9a028302ed4184","hash":"b6e12b7d62e2fd34e6173e566879e37197712b33"}
,"/Users/ravikumar_pa/Documents/OceanSpray/OceanSpray/src/screens/Language/templates/index.js": {"path":"/Users/ravikumar_pa/Documents/OceanSpray/OceanSpray/src/screens/Language/templates/index.js","statementMap":{"0":{"start":{"line":22,"column":18},"end":{"line":26,"column":1}},"1":{"start":{"line":28,"column":21},"end":{"line":32,"column":1}},"2":{"start":{"line":43,"column":4},"end":{"line":66,"column":6}},"3":{"start":{"line":70,"column":0},"end":{"line":70,"column":45}},"4":{"start":{"line":72,"column":0},"end":{"line":72,"column":39}}},"fnMap":{"0":{"name":"(anonymous_0)","decl":{"start":{"line":29,"column":17},"end":{"line":29,"column":18}},"loc":{"start":{"line":29,"column":23},"end":{"line":29,"column":25}},"line":29},"1":{"name":"(anonymous_1)","decl":{"start":{"line":30,"column":22},"end":{"line":30,"column":23}},"loc":{"start":{"line":30,"column":27},"end":{"line":30,"column":29}},"line":30},"2":{"name":"(anonymous_2)","decl":{"start":{"line":31,"column":21},"end":{"line":31,"column":22}},"loc":{"start":{"line":31,"column":26},"end":{"line":31,"column":28}},"line":31},"3":{"name":"(anonymous_3)","decl":{"start":{"line":42,"column":2},"end":{"line":42,"column":3}},"loc":{"start":{"line":42,"column":11},"end":{"line":67,"column":3}},"line":42}},"branchMap":{},"s":{"0":1,"1":1,"2":0,"3":1,"4":1},"f":{"0":0,"1":0,"2":0,"3":0},"b":{},"_coverageSchema":"43e27e138ebf9cfc5966b082cf9a028302ed4184","hash":"05d4072e7b4549d88f65ac65ad0b7d97a35fd3a8"}
,"/Users/ravikumar_pa/Documents/OceanSpray/OceanSpray/src/screens/Language/templates/style.js": {"path":"/Users/ravikumar_pa/Documents/OceanSpray/OceanSpray/src/screens/Language/templates/style.js","statementMap":{"0":{"start":{"line":4,"column":15},"end":{"line":44,"column":4}}},"fnMap":{},"branchMap":{"0":{"loc":{"start":{"line":26,"column":20},"end":{"line":26,"column":49}},"type":"cond-expr","locations":[{"start":{"line":26,"column":44},"end":{"line":26,"column":45}},{"start":{"line":26,"column":48},"end":{"line":26,"column":49}}],"line":26}},"s":{"0":1},"f":{},"b":{"0":[1,0]},"_coverageSchema":"43e27e138ebf9cfc5966b082cf9a028302ed4184","hash":"7a3ef54eea2425acd59d772cbdc5a7ef4f32662a"}
,"/Users/ravikumar_pa/Documents/OceanSpray/OceanSpray/src/screens/Login/containers/index.js": {"path":"/Users/ravikumar_pa/Documents/OceanSpray/OceanSpray/src/screens/Login/containers/index.js","statementMap":{"0":{"start":{"line":31,"column":19},"end":{"line":33,"column":1}},"1":{"start":{"line":32,"column":4},"end":{"line":32,"column":32}},"2":{"start":{"line":34,"column":19},"end":{"line":36,"column":1}},"3":{"start":{"line":35,"column":4},"end":{"line":35,"column":32}},"4":{"start":{"line":38,"column":12},"end":{"line":42,"column":9}}},"fnMap":{"0":{"name":"(anonymous_0)","decl":{"start":{"line":31,"column":19},"end":{"line":31,"column":20}},"loc":{"start":{"line":31,"column":24},"end":{"line":33,"column":1}},"line":31},"1":{"name":"(anonymous_1)","decl":{"start":{"line":34,"column":19},"end":{"line":34,"column":20}},"loc":{"start":{"line":34,"column":24},"end":{"line":36,"column":1}},"line":34},"2":{"name":"(anonymous_2)","decl":{"start":{"line":37,"column":4},"end":{"line":37,"column":5}},"loc":{"start":{"line":37,"column":12},"end":{"line":43,"column":5}},"line":37}},"branchMap":{},"s":{"0":0,"1":0,"2":0,"3":0,"4":0},"f":{"0":0,"1":0,"2":0},"b":{},"_coverageSchema":"43e27e138ebf9cfc5966b082cf9a028302ed4184","hash":"8630c9d75b8fae264e651ae76556e1765b3394e9"}
,"/Users/ravikumar_pa/Documents/OceanSpray/OceanSpray/src/screens/Login/templates/index.js": {"path":"/Users/ravikumar_pa/Documents/OceanSpray/OceanSpray/src/screens/Login/templates/index.js","statementMap":{"0":{"start":{"line":40,"column":18},"end":{"line":44,"column":1}},"1":{"start":{"line":46,"column":21},"end":{"line":50,"column":1}},"2":{"start":{"line":68,"column":140},"end":{"line":68,"column":145}},"3":{"start":{"line":69,"column":8},"end":{"line":81,"column":9}},"4":{"start":{"line":85,"column":8},"end":{"line":85,"column":25}},"5":{"start":{"line":94,"column":33},"end":{"line":94,"column":43}},"6":{"start":{"line":95,"column":8},"end":{"line":146,"column":9}},"7":{"start":{"line":150,"column":0},"end":{"line":150,"column":34}},"8":{"start":{"line":152,"column":0},"end":{"line":152,"column":28}},"9":{"start":{"line":162,"column":17},"end":{"line":173,"column":1}},"10":{"start":{"line":163,"column":19},"end":{"line":163,"column":21}},"11":{"start":{"line":164,"column":4},"end":{"line":168,"column":5}},"12":{"start":{"line":165,"column":8},"end":{"line":165,"column":43}},"13":{"start":{"line":166,"column":11},"end":{"line":168,"column":5}},"14":{"start":{"line":167,"column":8},"end":{"line":167,"column":60}},"15":{"start":{"line":169,"column":4},"end":{"line":171,"column":5}},"16":{"start":{"line":170,"column":8},"end":{"line":170,"column":49}},"17":{"start":{"line":172,"column":4},"end":{"line":172,"column":18}},"18":{"start":{"line":181,"column":24},"end":{"line":183,"column":2}},"19":{"start":{"line":181,"column":34},"end":{"line":183,"column":1}},"20":{"start":{"line":193,"column":27},"end":{"line":195,"column":2}},"21":{"start":{"line":193,"column":40},"end":{"line":195,"column":1}}},"fnMap":{"0":{"name":"(anonymous_0)","decl":{"start":{"line":47,"column":22},"end":{"line":47,"column":23}},"loc":{"start":{"line":47,"column":28},"end":{"line":47,"column":30}},"line":47},"1":{"name":"(anonymous_1)","decl":{"start":{"line":48,"column":22},"end":{"line":48,"column":23}},"loc":{"start":{"line":48,"column":27},"end":{"line":48,"column":29}},"line":48},"2":{"name":"(anonymous_2)","decl":{"start":{"line":49,"column":18},"end":{"line":49,"column":19}},"loc":{"start":{"line":49,"column":23},"end":{"line":49,"column":25}},"line":49},"3":{"name":"(anonymous_3)","decl":{"start":{"line":67,"column":4},"end":{"line":67,"column":5}},"loc":{"start":{"line":67,"column":27},"end":{"line":83,"column":5}},"line":67},"4":{"name":"(anonymous_4)","decl":{"start":{"line":84,"column":4},"end":{"line":84,"column":5}},"loc":{"start":{"line":84,"column":15},"end":{"line":86,"column":5}},"line":84},"5":{"name":"(anonymous_5)","decl":{"start":{"line":93,"column":4},"end":{"line":93,"column":5}},"loc":{"start":{"line":93,"column":13},"end":{"line":147,"column":5}},"line":93},"6":{"name":"(anonymous_6)","decl":{"start":{"line":162,"column":17},"end":{"line":162,"column":18}},"loc":{"start":{"line":162,"column":29},"end":{"line":173,"column":1}},"line":162},"7":{"name":"(anonymous_7)","decl":{"start":{"line":181,"column":24},"end":{"line":181,"column":25}},"loc":{"start":{"line":181,"column":34},"end":{"line":183,"column":1}},"line":181},"8":{"name":"(anonymous_8)","decl":{"start":{"line":193,"column":27},"end":{"line":193,"column":28}},"loc":{"start":{"line":193,"column":40},"end":{"line":195,"column":1}},"line":193}},"branchMap":{"0":{"loc":{"start":{"line":79,"column":17},"end":{"line":79,"column":79}},"type":"cond-expr","locations":[{"start":{"line":79,"column":27},"end":{"line":79,"column":72}},{"start":{"line":79,"column":75},"end":{"line":79,"column":79}}],"line":79},"1":{"loc":{"start":{"line":164,"column":4},"end":{"line":168,"column":5}},"type":"if","locations":[{"start":{"line":164,"column":4},"end":{"line":168,"column":5}},{"start":{"line":164,"column":4},"end":{"line":168,"column":5}}],"line":164},"2":{"loc":{"start":{"line":166,"column":11},"end":{"line":168,"column":5}},"type":"if","locations":[{"start":{"line":166,"column":11},"end":{"line":168,"column":5}},{"start":{"line":166,"column":11},"end":{"line":168,"column":5}}],"line":166},"3":{"loc":{"start":{"line":169,"column":4},"end":{"line":171,"column":5}},"type":"if","locations":[{"start":{"line":169,"column":4},"end":{"line":171,"column":5}},{"start":{"line":169,"column":4},"end":{"line":171,"column":5}}],"line":169}},"s":{"0":2,"1":2,"2":0,"3":0,"4":0,"5":0,"6":0,"7":2,"8":2,"9":2,"10":0,"11":0,"12":0,"13":0,"14":0,"15":0,"16":0,"17":0,"18":2,"19":0,"20":2,"21":0},"f":{"0":0,"1":0,"2":0,"3":0,"4":0,"5":0,"6":0,"7":0,"8":0},"b":{"0":[0,0],"1":[0,0],"2":[0,0],"3":[0,0]},"_coverageSchema":"43e27e138ebf9cfc5966b082cf9a028302ed4184","hash":"85c6caac3255dd996721765bfe37f060074b283d"}
,"/Users/ravikumar_pa/Documents/OceanSpray/OceanSpray/src/screens/Login/templates/styles.js": {"path":"/Users/ravikumar_pa/Documents/OceanSpray/OceanSpray/src/screens/Login/templates/styles.js","statementMap":{"0":{"start":{"line":3,"column":16},"end":{"line":3,"column":40}},"1":{"start":{"line":6,"column":15},"end":{"line":104,"column":1}}},"fnMap":{},"branchMap":{},"s":{"0":2,"1":2},"f":{},"b":{},"_coverageSchema":"43e27e138ebf9cfc5966b082cf9a028302ed4184","hash":"2eeca75c10cce94b06d427e2d3e571149014d478"}
,"/Users/ravikumar_pa/Documents/OceanSpray/OceanSpray/src/screens/MyHarvest/templates/MyHarvestPending.js": {"path":"/Users/ravikumar_pa/Documents/OceanSpray/OceanSpray/src/screens/MyHarvest/templates/MyHarvestPending.js","statementMap":{"0":{"start":{"line":28,"column":18},"end":{"line":31,"column":1}},"1":{"start":{"line":33,"column":21},"end":{"line":36,"column":1}},"2":{"start":{"line":51,"column":8},"end":{"line":51,"column":21}},"3":{"start":{"line":52,"column":8},"end":{"line":66,"column":10}},"4":{"start":{"line":69,"column":15},"end":{"line":73,"column":5}},"5":{"start":{"line":70,"column":8},"end":{"line":70,"column":113}},"6":{"start":{"line":71,"column":8},"end":{"line":71,"column":40}},"7":{"start":{"line":75,"column":13},"end":{"line":89,"column":5}},"8":{"start":{"line":76,"column":8},"end":{"line":88,"column":9}},"9":{"start":{"line":77,"column":12},"end":{"line":81,"column":15}},"10":{"start":{"line":80,"column":16},"end":{"line":80,"column":32}},"11":{"start":{"line":83,"column":12},"end":{"line":87,"column":15}},"12":{"start":{"line":86,"column":16},"end":{"line":86,"column":32}},"13":{"start":{"line":97,"column":19},"end":{"line":99,"column":5}},"14":{"start":{"line":103,"column":8},"end":{"line":204,"column":10}},"15":{"start":{"line":208,"column":0},"end":{"line":208,"column":52}},"16":{"start":{"line":210,"column":0},"end":{"line":210,"column":46}},"17":{"start":{"line":218,"column":24},"end":{"line":221,"column":2}},"18":{"start":{"line":218,"column":34},"end":{"line":221,"column":1}},"19":{"start":{"line":231,"column":27},"end":{"line":233,"column":2}},"20":{"start":{"line":231,"column":40},"end":{"line":233,"column":1}}},"fnMap":{"0":{"name":"(anonymous_0)","decl":{"start":{"line":34,"column":25},"end":{"line":34,"column":26}},"loc":{"start":{"line":34,"column":31},"end":{"line":34,"column":33}},"line":34},"1":{"name":"(anonymous_1)","decl":{"start":{"line":35,"column":18},"end":{"line":35,"column":19}},"loc":{"start":{"line":35,"column":23},"end":{"line":35,"column":25}},"line":35},"2":{"name":"(anonymous_2)","decl":{"start":{"line":50,"column":4},"end":{"line":50,"column":5}},"loc":{"start":{"line":50,"column":23},"end":{"line":67,"column":5}},"line":50},"3":{"name":"(anonymous_3)","decl":{"start":{"line":69,"column":15},"end":{"line":69,"column":16}},"loc":{"start":{"line":69,"column":21},"end":{"line":73,"column":5}},"line":69},"4":{"name":"(anonymous_4)","decl":{"start":{"line":75,"column":13},"end":{"line":75,"column":14}},"loc":{"start":{"line":75,"column":22},"end":{"line":89,"column":5}},"line":75},"5":{"name":"(anonymous_5)","decl":{"start":{"line":79,"column":15},"end":{"line":79,"column":16}},"loc":{"start":{"line":79,"column":21},"end":{"line":81,"column":13}},"line":79},"6":{"name":"(anonymous_6)","decl":{"start":{"line":85,"column":15},"end":{"line":85,"column":16}},"loc":{"start":{"line":85,"column":21},"end":{"line":87,"column":13}},"line":85},"7":{"name":"(anonymous_7)","decl":{"start":{"line":97,"column":19},"end":{"line":97,"column":20}},"loc":{"start":{"line":97,"column":25},"end":{"line":99,"column":5}},"line":97},"8":{"name":"(anonymous_8)","decl":{"start":{"line":101,"column":4},"end":{"line":101,"column":5}},"loc":{"start":{"line":101,"column":13},"end":{"line":205,"column":5}},"line":101},"9":{"name":"(anonymous_9)","decl":{"start":{"line":218,"column":24},"end":{"line":218,"column":25}},"loc":{"start":{"line":218,"column":34},"end":{"line":221,"column":1}},"line":218},"10":{"name":"(anonymous_10)","decl":{"start":{"line":231,"column":27},"end":{"line":231,"column":28}},"loc":{"start":{"line":231,"column":40},"end":{"line":233,"column":1}},"line":231}},"branchMap":{"0":{"loc":{"start":{"line":70,"column":8},"end":{"line":70,"column":112}},"type":"binary-expr","locations":[{"start":{"line":70,"column":8},"end":{"line":70,"column":55}},{"start":{"line":70,"column":59},"end":{"line":70,"column":112}}],"line":70},"1":{"loc":{"start":{"line":76,"column":8},"end":{"line":88,"column":9}},"type":"if","locations":[{"start":{"line":76,"column":8},"end":{"line":88,"column":9}},{"start":{"line":76,"column":8},"end":{"line":88,"column":9}}],"line":76}},"s":{"0":1,"1":1,"2":0,"3":0,"4":0,"5":0,"6":0,"7":0,"8":0,"9":0,"10":0,"11":0,"12":0,"13":0,"14":0,"15":1,"16":1,"17":1,"18":0,"19":1,"20":0},"f":{"0":0,"1":0,"2":0,"3":0,"4":0,"5":0,"6":0,"7":0,"8":0,"9":0,"10":0},"b":{"0":[0,0],"1":[0,0]},"_coverageSchema":"43e27e138ebf9cfc5966b082cf9a028302ed4184","hash":"877189bcf05179d2de170b8e35cac4a4727c443d"}
,"/Users/ravikumar_pa/Documents/OceanSpray/OceanSpray/src/screens/MyHarvest/templates/MyHarvestStyles.js": {"path":"/Users/ravikumar_pa/Documents/OceanSpray/OceanSpray/src/screens/MyHarvest/templates/MyHarvestStyles.js","statementMap":{"0":{"start":{"line":3,"column":20},"end":{"line":3,"column":50}},"1":{"start":{"line":4,"column":21},"end":{"line":4,"column":52}},"2":{"start":{"line":14,"column":29},"end":{"line":333,"column":2}}},"fnMap":{},"branchMap":{"0":{"loc":{"start":{"line":18,"column":17},"end":{"line":18,"column":170}},"type":"cond-expr","locations":[{"start":{"line":18,"column":164},"end":{"line":18,"column":166}},{"start":{"line":18,"column":169},"end":{"line":18,"column":170}}],"line":18},"1":{"loc":{"start":{"line":18,"column":17},"end":{"line":18,"column":161}},"type":"binary-expr","locations":[{"start":{"line":18,"column":18},"end":{"line":18,"column":39}},{"start":{"line":18,"column":43},"end":{"line":18,"column":63}},{"start":{"line":18,"column":67},"end":{"line":18,"column":86}},{"start":{"line":18,"column":92},"end":{"line":18,"column":113}},{"start":{"line":18,"column":117},"end":{"line":18,"column":137}},{"start":{"line":18,"column":141},"end":{"line":18,"column":160}}],"line":18},"2":{"loc":{"start":{"line":43,"column":15},"end":{"line":43,"column":46}},"type":"cond-expr","locations":[{"start":{"line":43,"column":39},"end":{"line":43,"column":41}},{"start":{"line":43,"column":44},"end":{"line":43,"column":46}}],"line":43},"3":{"loc":{"start":{"line":60,"column":16},"end":{"line":60,"column":45}},"type":"cond-expr","locations":[{"start":{"line":60,"column":40},"end":{"line":60,"column":41}},{"start":{"line":60,"column":44},"end":{"line":60,"column":45}}],"line":60},"4":{"loc":{"start":{"line":79,"column":16},"end":{"line":79,"column":47}},"type":"cond-expr","locations":[{"start":{"line":79,"column":40},"end":{"line":79,"column":42}},{"start":{"line":79,"column":45},"end":{"line":79,"column":47}}],"line":79},"5":{"loc":{"start":{"line":85,"column":19},"end":{"line":85,"column":48}},"type":"cond-expr","locations":[{"start":{"line":85,"column":43},"end":{"line":85,"column":44}},{"start":{"line":85,"column":47},"end":{"line":85,"column":48}}],"line":85},"6":{"loc":{"start":{"line":121,"column":16},"end":{"line":121,"column":47}},"type":"cond-expr","locations":[{"start":{"line":121,"column":40},"end":{"line":121,"column":42}},{"start":{"line":121,"column":45},"end":{"line":121,"column":47}}],"line":121},"7":{"loc":{"start":{"line":195,"column":18},"end":{"line":195,"column":49}},"type":"cond-expr","locations":[{"start":{"line":195,"column":42},"end":{"line":195,"column":44}},{"start":{"line":195,"column":47},"end":{"line":195,"column":49}}],"line":195}},"s":{"0":1,"1":1,"2":1},"f":{},"b":{"0":[0,1],"1":[1,1,0,1,1,0],"2":[1,0],"3":[1,0],"4":[1,0],"5":[1,0],"6":[1,0],"7":[1,0]},"_coverageSchema":"43e27e138ebf9cfc5966b082cf9a028302ed4184","hash":"102860ad3439b1d0cdf132935811640d0173c6a4"}
,"/Users/ravikumar_pa/Documents/OceanSpray/OceanSpray/src/screens/MyHarvestSortAndFilter/containers/index.js": {"path":"/Users/ravikumar_pa/Documents/OceanSpray/OceanSpray/src/screens/MyHarvestSortAndFilter/containers/index.js","statementMap":{"0":{"start":{"line":34,"column":24},"end":{"line":36,"column":3}},"1":{"start":{"line":35,"column":4},"end":{"line":35,"column":32}},"2":{"start":{"line":40,"column":21},"end":{"line":42,"column":3}},"3":{"start":{"line":46,"column":22},"end":{"line":48,"column":3}},"4":{"start":{"line":52,"column":21},"end":{"line":54,"column":3}},"5":{"start":{"line":59,"column":21},"end":{"line":61,"column":3}},"6":{"start":{"line":70,"column":4},"end":{"line":77,"column":6}},"7":{"start":{"line":87,"column":24},"end":{"line":89,"column":2}},"8":{"start":{"line":87,"column":33},"end":{"line":89,"column":1}},"9":{"start":{"line":99,"column":27},"end":{"line":101,"column":2}},"10":{"start":{"line":99,"column":39},"end":{"line":101,"column":1}}},"fnMap":{"0":{"name":"(anonymous_0)","decl":{"start":{"line":34,"column":24},"end":{"line":34,"column":25}},"loc":{"start":{"line":34,"column":29},"end":{"line":36,"column":3}},"line":34},"1":{"name":"(anonymous_1)","decl":{"start":{"line":40,"column":21},"end":{"line":40,"column":22}},"loc":{"start":{"line":40,"column":25},"end":{"line":42,"column":3}},"line":40},"2":{"name":"(anonymous_2)","decl":{"start":{"line":46,"column":22},"end":{"line":46,"column":23}},"loc":{"start":{"line":46,"column":26},"end":{"line":48,"column":3}},"line":46},"3":{"name":"(anonymous_3)","decl":{"start":{"line":52,"column":21},"end":{"line":52,"column":22}},"loc":{"start":{"line":52,"column":25},"end":{"line":54,"column":3}},"line":52},"4":{"name":"(anonymous_4)","decl":{"start":{"line":59,"column":21},"end":{"line":59,"column":22}},"loc":{"start":{"line":59,"column":25},"end":{"line":61,"column":3}},"line":59},"5":{"name":"(anonymous_5)","decl":{"start":{"line":68,"column":2},"end":{"line":68,"column":3}},"loc":{"start":{"line":68,"column":11},"end":{"line":78,"column":3}},"line":68},"6":{"name":"(anonymous_6)","decl":{"start":{"line":87,"column":24},"end":{"line":87,"column":25}},"loc":{"start":{"line":87,"column":33},"end":{"line":89,"column":1}},"line":87},"7":{"name":"(anonymous_7)","decl":{"start":{"line":99,"column":27},"end":{"line":99,"column":28}},"loc":{"start":{"line":99,"column":39},"end":{"line":101,"column":1}},"line":99}},"branchMap":{},"s":{"0":0,"1":0,"2":0,"3":0,"4":0,"5":0,"6":0,"7":1,"8":0,"9":1,"10":0},"f":{"0":0,"1":0,"2":0,"3":0,"4":0,"5":0,"6":0,"7":0},"b":{},"_coverageSchema":"43e27e138ebf9cfc5966b082cf9a028302ed4184","hash":"4285472781ced43a7ad67bf207bafcc571a959ae"}
,"/Users/ravikumar_pa/Documents/OceanSpray/OceanSpray/src/screens/MyHarvestSortAndFilter/templates/index.js": {"path":"/Users/ravikumar_pa/Documents/OceanSpray/OceanSpray/src/screens/MyHarvestSortAndFilter/templates/index.js","statementMap":{"0":{"start":{"line":27,"column":18},"end":{"line":40,"column":1}},"1":{"start":{"line":42,"column":21},"end":{"line":52,"column":1}},"2":{"start":{"line":67,"column":8},"end":{"line":67,"column":21}},"3":{"start":{"line":68,"column":8},"end":{"line":76,"column":9}},"4":{"start":{"line":77,"column":8},"end":{"line":77,"column":67}},"5":{"start":{"line":83,"column":15},"end":{"line":87,"column":5}},"6":{"start":{"line":84,"column":8},"end":{"line":84,"column":113}},"7":{"start":{"line":85,"column":8},"end":{"line":85,"column":40}},"8":{"start":{"line":92,"column":11},"end":{"line":130,"column":7}},"9":{"start":{"line":93,"column":8},"end":{"line":129,"column":12}},"10":{"start":{"line":94,"column":7},"end":{"line":98,"column":16}},"11":{"start":{"line":97,"column":17},"end":{"line":97,"column":33}},"12":{"start":{"line":99,"column":17},"end":{"line":129,"column":12}},"13":{"start":{"line":100,"column":13},"end":{"line":104,"column":15}},"14":{"start":{"line":103,"column":16},"end":{"line":103,"column":32}},"15":{"start":{"line":105,"column":17},"end":{"line":129,"column":12}},"16":{"start":{"line":106,"column":13},"end":{"line":110,"column":15}},"17":{"start":{"line":109,"column":16},"end":{"line":109,"column":32}},"18":{"start":{"line":111,"column":17},"end":{"line":129,"column":12}},"19":{"start":{"line":112,"column":13},"end":{"line":116,"column":15}},"20":{"start":{"line":115,"column":16},"end":{"line":115,"column":32}},"21":{"start":{"line":117,"column":14},"end":{"line":129,"column":12}},"22":{"start":{"line":118,"column":12},"end":{"line":122,"column":14}},"23":{"start":{"line":121,"column":15},"end":{"line":121,"column":31}},"24":{"start":{"line":124,"column":13},"end":{"line":128,"column":15}},"25":{"start":{"line":127,"column":16},"end":{"line":127,"column":32}},"26":{"start":{"line":138,"column":8},"end":{"line":140,"column":11}},"27":{"start":{"line":151,"column":8},"end":{"line":330,"column":10}},"28":{"start":{"line":186,"column":39},"end":{"line":186,"column":63}},"29":{"start":{"line":208,"column":39},"end":{"line":208,"column":63}},"30":{"start":{"line":230,"column":39},"end":{"line":230,"column":63}},"31":{"start":{"line":253,"column":39},"end":{"line":253,"column":63}},"32":{"start":{"line":276,"column":39},"end":{"line":276,"column":63}},"33":{"start":{"line":299,"column":39},"end":{"line":299,"column":63}},"34":{"start":{"line":334,"column":0},"end":{"line":334,"column":59}},"35":{"start":{"line":336,"column":0},"end":{"line":336,"column":53}}},"fnMap":{"0":{"name":"(anonymous_0)","decl":{"start":{"line":43,"column":23},"end":{"line":43,"column":24}},"loc":{"start":{"line":43,"column":27},"end":{"line":43,"column":29}},"line":43},"1":{"name":"(anonymous_1)","decl":{"start":{"line":44,"column":24},"end":{"line":44,"column":25}},"loc":{"start":{"line":44,"column":28},"end":{"line":44,"column":30}},"line":44},"2":{"name":"(anonymous_2)","decl":{"start":{"line":45,"column":28},"end":{"line":45,"column":29}},"loc":{"start":{"line":45,"column":32},"end":{"line":45,"column":34}},"line":45},"3":{"name":"(anonymous_3)","decl":{"start":{"line":46,"column":29},"end":{"line":46,"column":30}},"loc":{"start":{"line":46,"column":33},"end":{"line":46,"column":35}},"line":46},"4":{"name":"(anonymous_4)","decl":{"start":{"line":47,"column":22},"end":{"line":47,"column":23}},"loc":{"start":{"line":47,"column":26},"end":{"line":47,"column":28}},"line":47},"5":{"name":"(anonymous_5)","decl":{"start":{"line":48,"column":23},"end":{"line":48,"column":24}},"loc":{"start":{"line":48,"column":27},"end":{"line":48,"column":29}},"line":48},"6":{"name":"(anonymous_6)","decl":{"start":{"line":49,"column":23},"end":{"line":49,"column":24}},"loc":{"start":{"line":49,"column":27},"end":{"line":49,"column":29}},"line":49},"7":{"name":"(anonymous_7)","decl":{"start":{"line":50,"column":14},"end":{"line":50,"column":15}},"loc":{"start":{"line":50,"column":20},"end":{"line":50,"column":22}},"line":50},"8":{"name":"(anonymous_8)","decl":{"start":{"line":51,"column":17},"end":{"line":51,"column":18}},"loc":{"start":{"line":51,"column":23},"end":{"line":51,"column":25}},"line":51},"9":{"name":"(anonymous_9)","decl":{"start":{"line":66,"column":4},"end":{"line":66,"column":5}},"loc":{"start":{"line":66,"column":22},"end":{"line":78,"column":5}},"line":66},"10":{"name":"(anonymous_10)","decl":{"start":{"line":83,"column":15},"end":{"line":83,"column":16}},"loc":{"start":{"line":83,"column":21},"end":{"line":87,"column":5}},"line":83},"11":{"name":"(anonymous_11)","decl":{"start":{"line":92,"column":11},"end":{"line":92,"column":12}},"loc":{"start":{"line":92,"column":18},"end":{"line":130,"column":7}},"line":92},"12":{"name":"(anonymous_12)","decl":{"start":{"line":96,"column":16},"end":{"line":96,"column":17}},"loc":{"start":{"line":96,"column":22},"end":{"line":98,"column":14}},"line":96},"13":{"name":"(anonymous_13)","decl":{"start":{"line":102,"column":15},"end":{"line":102,"column":16}},"loc":{"start":{"line":102,"column":21},"end":{"line":104,"column":13}},"line":102},"14":{"name":"(anonymous_14)","decl":{"start":{"line":108,"column":15},"end":{"line":108,"column":16}},"loc":{"start":{"line":108,"column":21},"end":{"line":110,"column":13}},"line":108},"15":{"name":"(anonymous_15)","decl":{"start":{"line":114,"column":15},"end":{"line":114,"column":16}},"loc":{"start":{"line":114,"column":21},"end":{"line":116,"column":13}},"line":114},"16":{"name":"(anonymous_16)","decl":{"start":{"line":120,"column":14},"end":{"line":120,"column":15}},"loc":{"start":{"line":120,"column":20},"end":{"line":122,"column":12}},"line":120},"17":{"name":"(anonymous_17)","decl":{"start":{"line":126,"column":15},"end":{"line":126,"column":16}},"loc":{"start":{"line":126,"column":21},"end":{"line":128,"column":13}},"line":126},"18":{"name":"(anonymous_18)","decl":{"start":{"line":137,"column":4},"end":{"line":137,"column":5}},"loc":{"start":{"line":137,"column":25},"end":{"line":141,"column":7}},"line":137},"19":{"name":"(anonymous_19)","decl":{"start":{"line":150,"column":4},"end":{"line":150,"column":5}},"loc":{"start":{"line":150,"column":13},"end":{"line":331,"column":5}},"line":150},"20":{"name":"(anonymous_20)","decl":{"start":{"line":186,"column":33},"end":{"line":186,"column":34}},"loc":{"start":{"line":186,"column":39},"end":{"line":186,"column":63}},"line":186},"21":{"name":"(anonymous_21)","decl":{"start":{"line":208,"column":33},"end":{"line":208,"column":34}},"loc":{"start":{"line":208,"column":39},"end":{"line":208,"column":63}},"line":208},"22":{"name":"(anonymous_22)","decl":{"start":{"line":230,"column":33},"end":{"line":230,"column":34}},"loc":{"start":{"line":230,"column":39},"end":{"line":230,"column":63}},"line":230},"23":{"name":"(anonymous_23)","decl":{"start":{"line":253,"column":33},"end":{"line":253,"column":34}},"loc":{"start":{"line":253,"column":39},"end":{"line":253,"column":63}},"line":253},"24":{"name":"(anonymous_24)","decl":{"start":{"line":276,"column":33},"end":{"line":276,"column":34}},"loc":{"start":{"line":276,"column":39},"end":{"line":276,"column":63}},"line":276},"25":{"name":"(anonymous_25)","decl":{"start":{"line":299,"column":33},"end":{"line":299,"column":34}},"loc":{"start":{"line":299,"column":39},"end":{"line":299,"column":63}},"line":299}},"branchMap":{"0":{"loc":{"start":{"line":84,"column":8},"end":{"line":84,"column":112}},"type":"binary-expr","locations":[{"start":{"line":84,"column":8},"end":{"line":84,"column":55}},{"start":{"line":84,"column":59},"end":{"line":84,"column":112}}],"line":84},"1":{"loc":{"start":{"line":93,"column":8},"end":{"line":129,"column":12}},"type":"if","locations":[{"start":{"line":93,"column":8},"end":{"line":129,"column":12}},{"start":{"line":93,"column":8},"end":{"line":129,"column":12}}],"line":93},"2":{"loc":{"start":{"line":99,"column":17},"end":{"line":129,"column":12}},"type":"if","locations":[{"start":{"line":99,"column":17},"end":{"line":129,"column":12}},{"start":{"line":99,"column":17},"end":{"line":129,"column":12}}],"line":99},"3":{"loc":{"start":{"line":105,"column":17},"end":{"line":129,"column":12}},"type":"if","locations":[{"start":{"line":105,"column":17},"end":{"line":129,"column":12}},{"start":{"line":105,"column":17},"end":{"line":129,"column":12}}],"line":105},"4":{"loc":{"start":{"line":111,"column":17},"end":{"line":129,"column":12}},"type":"if","locations":[{"start":{"line":111,"column":17},"end":{"line":129,"column":12}},{"start":{"line":111,"column":17},"end":{"line":129,"column":12}}],"line":111},"5":{"loc":{"start":{"line":117,"column":14},"end":{"line":129,"column":12}},"type":"if","locations":[{"start":{"line":117,"column":14},"end":{"line":129,"column":12}},{"start":{"line":117,"column":14},"end":{"line":129,"column":12}}],"line":117},"6":{"loc":{"start":{"line":181,"column":21},"end":{"line":324,"column":27}},"type":"cond-expr","locations":[{"start":{"line":182,"column":24},"end":{"line":319,"column":19}},{"start":{"line":322,"column":20},"end":{"line":324,"column":27}}],"line":181},"7":{"loc":{"start":{"line":195,"column":47},"end":{"line":195,"column":123}},"type":"cond-expr","locations":[{"start":{"line":195,"column":70},"end":{"line":195,"column":94}},{"start":{"line":195,"column":97},"end":{"line":195,"column":123}}],"line":195},"8":{"loc":{"start":{"line":199,"column":21},"end":{"line":202,"column":31}},"type":"binary-expr","locations":[{"start":{"line":199,"column":21},"end":{"line":199,"column":41}},{"start":{"line":200,"column":24},"end":{"line":202,"column":31}}],"line":199},"9":{"loc":{"start":{"line":217,"column":47},"end":{"line":217,"column":123}},"type":"cond-expr","locations":[{"start":{"line":217,"column":70},"end":{"line":217,"column":94}},{"start":{"line":217,"column":97},"end":{"line":217,"column":123}}],"line":217},"10":{"loc":{"start":{"line":221,"column":21},"end":{"line":224,"column":31}},"type":"binary-expr","locations":[{"start":{"line":221,"column":21},"end":{"line":221,"column":41}},{"start":{"line":222,"column":24},"end":{"line":224,"column":31}}],"line":221},"11":{"loc":{"start":{"line":240,"column":47},"end":{"line":240,"column":123}},"type":"cond-expr","locations":[{"start":{"line":240,"column":70},"end":{"line":240,"column":94}},{"start":{"line":240,"column":97},"end":{"line":240,"column":123}}],"line":240},"12":{"loc":{"start":{"line":244,"column":21},"end":{"line":247,"column":31}},"type":"binary-expr","locations":[{"start":{"line":244,"column":21},"end":{"line":244,"column":41}},{"start":{"line":245,"column":24},"end":{"line":247,"column":31}}],"line":244},"13":{"loc":{"start":{"line":263,"column":47},"end":{"line":263,"column":123}},"type":"cond-expr","locations":[{"start":{"line":263,"column":70},"end":{"line":263,"column":94}},{"start":{"line":263,"column":97},"end":{"line":263,"column":123}}],"line":263},"14":{"loc":{"start":{"line":267,"column":21},"end":{"line":270,"column":31}},"type":"binary-expr","locations":[{"start":{"line":267,"column":21},"end":{"line":267,"column":41}},{"start":{"line":268,"column":24},"end":{"line":270,"column":31}}],"line":267},"15":{"loc":{"start":{"line":286,"column":47},"end":{"line":286,"column":123}},"type":"cond-expr","locations":[{"start":{"line":286,"column":70},"end":{"line":286,"column":94}},{"start":{"line":286,"column":97},"end":{"line":286,"column":123}}],"line":286},"16":{"loc":{"start":{"line":290,"column":21},"end":{"line":293,"column":31}},"type":"binary-expr","locations":[{"start":{"line":290,"column":21},"end":{"line":290,"column":41}},{"start":{"line":291,"column":24},"end":{"line":293,"column":31}}],"line":290},"17":{"loc":{"start":{"line":308,"column":47},"end":{"line":308,"column":123}},"type":"cond-expr","locations":[{"start":{"line":308,"column":70},"end":{"line":308,"column":94}},{"start":{"line":308,"column":97},"end":{"line":308,"column":123}}],"line":308},"18":{"loc":{"start":{"line":312,"column":21},"end":{"line":315,"column":31}},"type":"binary-expr","locations":[{"start":{"line":312,"column":21},"end":{"line":312,"column":41}},{"start":{"line":313,"column":24},"end":{"line":315,"column":31}}],"line":312}},"s":{"0":1,"1":1,"2":0,"3":0,"4":0,"5":0,"6":0,"7":0,"8":0,"9":0,"10":0,"11":0,"12":0,"13":0,"14":0,"15":0,"16":0,"17":0,"18":0,"19":0,"20":0,"21":0,"22":0,"23":0,"24":0,"25":0,"26":0,"27":0,"28":0,"29":0,"30":0,"31":0,"32":0,"33":0,"34":1,"35":1},"f":{"0":0,"1":0,"2":0,"3":0,"4":0,"5":0,"6":0,"7":0,"8":0,"9":0,"10":0,"11":0,"12":0,"13":0,"14":0,"15":0,"16":0,"17":0,"18":0,"19":0,"20":0,"21":0,"22":0,"23":0,"24":0,"25":0},"b":{"0":[0,0],"1":[0,0],"2":[0,0],"3":[0,0],"4":[0,0],"5":[0,0],"6":[0,0],"7":[0,0],"8":[0,0],"9":[0,0],"10":[0,0],"11":[0,0],"12":[0,0],"13":[0,0],"14":[0,0],"15":[0,0],"16":[0,0],"17":[0,0],"18":[0,0]},"_coverageSchema":"43e27e138ebf9cfc5966b082cf9a028302ed4184","hash":"aa128aa467d9845c7728031dc7e9462ae9f72aa3"}
,"/Users/ravikumar_pa/Documents/OceanSpray/OceanSpray/src/screens/MyHarvestSortAndFilter/templates/styles.js": {"path":"/Users/ravikumar_pa/Documents/OceanSpray/OceanSpray/src/screens/MyHarvestSortAndFilter/templates/styles.js","statementMap":{"0":{"start":{"line":3,"column":16},"end":{"line":129,"column":4}}},"fnMap":{},"branchMap":{"0":{"loc":{"start":{"line":83,"column":19},"end":{"line":83,"column":49}},"type":"cond-expr","locations":[{"start":{"line":83,"column":43},"end":{"line":83,"column":45}},{"start":{"line":83,"column":48},"end":{"line":83,"column":49}}],"line":83}},"s":{"0":1},"f":{},"b":{"0":[1,0]},"_coverageSchema":"43e27e138ebf9cfc5966b082cf9a028302ed4184","hash":"3dbab435e0e1786530c660802905cbd5ebaf99b5"}
,"/Users/ravikumar_pa/Documents/OceanSpray/OceanSpray/src/utils/utility.js": {"path":"/Users/ravikumar_pa/Documents/OceanSpray/OceanSpray/src/utils/utility.js","statementMap":{"0":{"start":{"line":4,"column":26},"end":{"line":10,"column":1}},"1":{"start":{"line":5,"column":4},"end":{"line":9,"column":5}},"2":{"start":{"line":6,"column":8},"end":{"line":6,"column":55}},"3":{"start":{"line":6,"column":34},"end":{"line":6,"column":55}},"4":{"start":{"line":12,"column":26},"end":{"line":22,"column":1}},"5":{"start":{"line":13,"column":4},"end":{"line":21,"column":5}},"6":{"start":{"line":14,"column":8},"end":{"line":18,"column":9}},"7":{"start":{"line":15,"column":12},"end":{"line":15,"column":39}},"8":{"start":{"line":17,"column":12},"end":{"line":17,"column":34}},"9":{"start":{"line":24,"column":28},"end":{"line":34,"column":1}},"10":{"start":{"line":25,"column":4},"end":{"line":33,"column":5}},"11":{"start":{"line":26,"column":8},"end":{"line":30,"column":9}},"12":{"start":{"line":27,"column":12},"end":{"line":27,"column":33}},"13":{"start":{"line":29,"column":12},"end":{"line":29,"column":26}},"14":{"start":{"line":36,"column":29},"end":{"line":48,"column":1}},"15":{"start":{"line":37,"column":19},"end":{"line":37,"column":21}},"16":{"start":{"line":38,"column":16},"end":{"line":38,"column":17}},"17":{"start":{"line":39,"column":4},"end":{"line":46,"column":7}},"18":{"start":{"line":40,"column":8},"end":{"line":44,"column":9}},"19":{"start":{"line":41,"column":12},"end":{"line":41,"column":47}},"20":{"start":{"line":43,"column":12},"end":{"line":43,"column":30}},"21":{"start":{"line":45,"column":8},"end":{"line":45,"column":19}},"22":{"start":{"line":47,"column":4},"end":{"line":47,"column":18}},"23":{"start":{"line":50,"column":22},"end":{"line":50,"column":107}},"24":{"start":{"line":50,"column":29},"end":{"line":50,"column":106}},"25":{"start":{"line":52,"column":35},"end":{"line":56,"column":1}},"26":{"start":{"line":53,"column":24},"end":{"line":53,"column":54}},"27":{"start":{"line":54,"column":22},"end":{"line":54,"column":46}},"28":{"start":{"line":55,"column":4},"end":{"line":55,"column":73}},"29":{"start":{"line":58,"column":36},"end":{"line":62,"column":1}},"30":{"start":{"line":59,"column":25},"end":{"line":59,"column":56}},"31":{"start":{"line":60,"column":23},"end":{"line":60,"column":48}},"32":{"start":{"line":61,"column":4},"end":{"line":61,"column":75}},"33":{"start":{"line":64,"column":37},"end":{"line":85,"column":1}},"34":{"start":{"line":65,"column":4},"end":{"line":84,"column":7}},"35":{"start":{"line":66,"column":8},"end":{"line":83,"column":9}},"36":{"start":{"line":68,"column":12},"end":{"line":79,"column":75}},"37":{"start":{"line":69,"column":16},"end":{"line":74,"column":17}},"38":{"start":{"line":70,"column":20},"end":{"line":70,"column":38}},"39":{"start":{"line":73,"column":20},"end":{"line":73,"column":37}},"40":{"start":{"line":76,"column":16},"end":{"line":76,"column":30}},"41":{"start":{"line":81,"column":12},"end":{"line":81,"column":22}},"42":{"start":{"line":88,"column":4},"end":{"line":121,"column":5}},"43":{"start":{"line":89,"column":22},"end":{"line":96,"column":7}},"44":{"start":{"line":97,"column":6},"end":{"line":118,"column":7}},"45":{"start":{"line":99,"column":19},"end":{"line":99,"column":48}},"46":{"start":{"line":100,"column":11},"end":{"line":100,"column":20}},"47":{"start":{"line":105,"column":8},"end":{"line":117,"column":12}},"48":{"start":{"line":114,"column":42},"end":{"line":114,"column":79}},"49":{"start":{"line":124,"column":38},"end":{"line":130,"column":1}},"50":{"start":{"line":125,"column":27},"end":{"line":125,"column":85}},"51":{"start":{"line":125,"column":60},"end":{"line":125,"column":83}},"52":{"start":{"line":126,"column":4},"end":{"line":128,"column":5}},"53":{"start":{"line":127,"column":8},"end":{"line":127,"column":20}},"54":{"start":{"line":129,"column":4},"end":{"line":129,"column":17}}},"fnMap":{"0":{"name":"(anonymous_0)","decl":{"start":{"line":4,"column":26},"end":{"line":4,"column":27}},"loc":{"start":{"line":4,"column":37},"end":{"line":10,"column":1}},"line":4},"1":{"name":"(anonymous_1)","decl":{"start":{"line":12,"column":26},"end":{"line":12,"column":27}},"loc":{"start":{"line":12,"column":51},"end":{"line":22,"column":1}},"line":12},"2":{"name":"(anonymous_2)","decl":{"start":{"line":24,"column":28},"end":{"line":24,"column":29}},"loc":{"start":{"line":24,"column":46},"end":{"line":34,"column":1}},"line":24},"3":{"name":"(anonymous_3)","decl":{"start":{"line":36,"column":29},"end":{"line":36,"column":30}},"loc":{"start":{"line":36,"column":43},"end":{"line":48,"column":1}},"line":36},"4":{"name":"(anonymous_4)","decl":{"start":{"line":39,"column":16},"end":{"line":39,"column":17}},"loc":{"start":{"line":39,"column":24},"end":{"line":46,"column":5}},"line":39},"5":{"name":"(anonymous_5)","decl":{"start":{"line":50,"column":22},"end":{"line":50,"column":23}},"loc":{"start":{"line":50,"column":29},"end":{"line":50,"column":106}},"line":50},"6":{"name":"(anonymous_6)","decl":{"start":{"line":52,"column":35},"end":{"line":52,"column":36}},"loc":{"start":{"line":52,"column":53},"end":{"line":56,"column":1}},"line":52},"7":{"name":"(anonymous_7)","decl":{"start":{"line":58,"column":36},"end":{"line":58,"column":37}},"loc":{"start":{"line":58,"column":55},"end":{"line":62,"column":1}},"line":58},"8":{"name":"(anonymous_8)","decl":{"start":{"line":64,"column":37},"end":{"line":64,"column":38}},"loc":{"start":{"line":64,"column":43},"end":{"line":85,"column":1}},"line":64},"9":{"name":"(anonymous_9)","decl":{"start":{"line":65,"column":23},"end":{"line":65,"column":24}},"loc":{"start":{"line":65,"column":44},"end":{"line":84,"column":5}},"line":65},"10":{"name":"(anonymous_10)","decl":{"start":{"line":68,"column":53},"end":{"line":68,"column":54}},"loc":{"start":{"line":68,"column":67},"end":{"line":75,"column":13}},"line":68},"11":{"name":"(anonymous_11)","decl":{"start":{"line":75,"column":15},"end":{"line":75,"column":16}},"loc":{"start":{"line":75,"column":26},"end":{"line":78,"column":13}},"line":75},"12":{"name":"request_location_runtime_permission","decl":{"start":{"line":87,"column":22},"end":{"line":87,"column":57}},"loc":{"start":{"line":87,"column":60},"end":{"line":122,"column":3}},"line":87},"13":{"name":"(anonymous_13)","decl":{"start":{"line":114,"column":36},"end":{"line":114,"column":37}},"loc":{"start":{"line":114,"column":42},"end":{"line":114,"column":79}},"line":114},"14":{"name":"(anonymous_14)","decl":{"start":{"line":124,"column":38},"end":{"line":124,"column":39}},"loc":{"start":{"line":124,"column":65},"end":{"line":130,"column":1}},"line":124},"15":{"name":"(anonymous_15)","decl":{"start":{"line":125,"column":51},"end":{"line":125,"column":52}},"loc":{"start":{"line":125,"column":60},"end":{"line":125,"column":83}},"line":125}},"branchMap":{"0":{"loc":{"start":{"line":6,"column":8},"end":{"line":6,"column":55}},"type":"if","locations":[{"start":{"line":6,"column":8},"end":{"line":6,"column":55}},{"start":{"line":6,"column":8},"end":{"line":6,"column":55}}],"line":6},"1":{"loc":{"start":{"line":12,"column":34},"end":{"line":12,"column":46}},"type":"default-arg","locations":[{"start":{"line":12,"column":42},"end":{"line":12,"column":46}}],"line":12},"2":{"loc":{"start":{"line":14,"column":8},"end":{"line":18,"column":9}},"type":"if","locations":[{"start":{"line":14,"column":8},"end":{"line":18,"column":9}},{"start":{"line":14,"column":8},"end":{"line":18,"column":9}}],"line":14},"3":{"loc":{"start":{"line":24,"column":29},"end":{"line":24,"column":41}},"type":"default-arg","locations":[{"start":{"line":24,"column":37},"end":{"line":24,"column":41}}],"line":24},"4":{"loc":{"start":{"line":26,"column":8},"end":{"line":30,"column":9}},"type":"if","locations":[{"start":{"line":26,"column":8},"end":{"line":30,"column":9}},{"start":{"line":26,"column":8},"end":{"line":30,"column":9}}],"line":26},"5":{"loc":{"start":{"line":26,"column":12},"end":{"line":26,"column":46}},"type":"binary-expr","locations":[{"start":{"line":26,"column":12},"end":{"line":26,"column":17}},{"start":{"line":26,"column":21},"end":{"line":26,"column":46}}],"line":26},"6":{"loc":{"start":{"line":40,"column":8},"end":{"line":44,"column":9}},"type":"if","locations":[{"start":{"line":40,"column":8},"end":{"line":44,"column":9}},{"start":{"line":40,"column":8},"end":{"line":44,"column":9}}],"line":40},"7":{"loc":{"start":{"line":40,"column":12},"end":{"line":40,"column":50}},"type":"binary-expr","locations":[{"start":{"line":40,"column":12},"end":{"line":40,"column":29}},{"start":{"line":40,"column":33},"end":{"line":40,"column":50}}],"line":40},"8":{"loc":{"start":{"line":69,"column":16},"end":{"line":74,"column":17}},"type":"if","locations":[{"start":{"line":69,"column":16},"end":{"line":74,"column":17}},{"start":{"line":69,"column":16},"end":{"line":74,"column":17}}],"line":69},"9":{"loc":{"start":{"line":69,"column":20},"end":{"line":69,"column":47}},"type":"binary-expr","locations":[{"start":{"line":69,"column":20},"end":{"line":69,"column":28}},{"start":{"line":69,"column":32},"end":{"line":69,"column":47}}],"line":69},"10":{"loc":{"start":{"line":97,"column":6},"end":{"line":118,"column":7}},"type":"if","locations":[{"start":{"line":97,"column":6},"end":{"line":118,"column":7}},{"start":{"line":97,"column":6},"end":{"line":118,"column":7}}],"line":97},"11":{"loc":{"start":{"line":126,"column":4},"end":{"line":128,"column":5}},"type":"if","locations":[{"start":{"line":126,"column":4},"end":{"line":128,"column":5}},{"start":{"line":126,"column":4},"end":{"line":128,"column":5}}],"line":126},"12":{"loc":{"start":{"line":126,"column":8},"end":{"line":126,"column":71}},"type":"binary-expr","locations":[{"start":{"line":126,"column":8},"end":{"line":126,"column":33}},{"start":{"line":126,"column":37},"end":{"line":126,"column":71}}],"line":126}},"s":{"0":2,"1":0,"2":0,"3":0,"4":2,"5":0,"6":0,"7":0,"8":0,"9":2,"10":0,"11":0,"12":0,"13":0,"14":2,"15":0,"16":0,"17":0,"18":0,"19":0,"20":0,"21":0,"22":0,"23":2,"24":0,"25":2,"26":0,"27":0,"28":0,"29":2,"30":0,"31":0,"32":0,"33":2,"34":0,"35":0,"36":0,"37":0,"38":0,"39":0,"40":0,"41":0,"42":0,"43":0,"44":0,"45":0,"46":0,"47":0,"48":0,"49":2,"50":0,"51":0,"52":0,"53":0,"54":0},"f":{"0":0,"1":0,"2":0,"3":0,"4":0,"5":0,"6":0,"7":0,"8":0,"9":0,"10":0,"11":0,"12":0,"13":0,"14":0,"15":0},"b":{"0":[0,0],"1":[0],"2":[0,0],"3":[0],"4":[0,0],"5":[0,0],"6":[0,0],"7":[0,0],"8":[0,0],"9":[0,0],"10":[0,0],"11":[0,0],"12":[0,0]},"_coverageSchema":"43e27e138ebf9cfc5966b082cf9a028302ed4184","hash":"473a08f7654dc71da5935f2102abb5c0d216bbe7"}
}
