TN:
SF:/Users/ravikumar_pa/Documents/OceanSpray/OceanSpray/App.js
FN:15,(anonymous_0)
FN:16,(anonymous_1)
FN:23,(anonymous_2)
FNF:3
FNH:0
FNDA:0,(anonymous_0)
FNDA:0,(anonymous_1)
FNDA:0,(anonymous_2)
DA:10,1
DA:16,0
DA:17,0
DA:18,0
DA:24,0
LF:5
LH:1
BRDA:17,0,0,0
BRDA:17,0,1,0
BRF:2
BRH:0
end_of_record
TN:
SF:/Users/ravikumar_pa/Documents/OceanSpray/OceanSpray/src/Main.js
FN:7,(anonymous_0)
FNF:1
FNH:0
FNDA:0,(anonymous_0)
DA:8,0
DA:17,1
LF:2
LH:1
BRF:0
BRH:0
end_of_record
TN:
SF:/Users/ravikumar_pa/Documents/OceanSpray/OceanSpray/src/assets/OceanSprayLogo.png
FNF:0
FNH:0
DA:1,1
LF:1
LH:1
BRF:0
BRH:0
end_of_record
TN:
SF:/Users/ravikumar_pa/Documents/OceanSpray/OceanSpray/src/assets/backIcon.png
FNF:0
FNH:0
DA:1,1
LF:1
LH:1
BRF:0
BRH:0
end_of_record
TN:
SF:/Users/ravikumar_pa/Documents/OceanSpray/OceanSpray/src/assets/bitmap.png
FNF:0
FNH:0
DA:1,1
LF:1
LH:1
BRF:0
BRH:0
end_of_record
TN:
SF:/Users/ravikumar_pa/Documents/OceanSpray/OceanSpray/src/assets/notification.png
FNF:0
FNH:0
DA:1,1
LF:1
LH:1
BRF:0
BRH:0
end_of_record
TN:
SF:/Users/ravikumar_pa/Documents/OceanSpray/OceanSpray/src/assets/splash_port.png
FNF:0
FNH:0
DA:1,1
LF:1
LH:1
BRF:0
BRH:0
end_of_record
TN:
SF:/Users/ravikumar_pa/Documents/OceanSpray/OceanSpray/src/assets/sortIcons/arrowDown.png
FNF:0
FNH:0
DA:1,1
LF:1
LH:1
BRF:0
BRH:0
end_of_record
TN:
SF:/Users/ravikumar_pa/Documents/OceanSpray/OceanSpray/src/assets/sortIcons/arrowUp.png
FNF:0
FNH:0
DA:1,1
LF:1
LH:1
BRF:0
BRH:0
end_of_record
TN:
SF:/Users/ravikumar_pa/Documents/OceanSpray/OceanSpray/src/assets/sortIcons/bedName.png
FNF:0
FNH:0
DA:1,1
LF:1
LH:1
BRF:0
BRH:0
end_of_record
TN:
SF:/Users/ravikumar_pa/Documents/OceanSpray/OceanSpray/src/assets/sortIcons/blogName.png
FNF:0
FNH:0
DA:1,1
LF:1
LH:1
BRF:0
BRH:0
end_of_record
TN:
SF:/Users/ravikumar_pa/Documents/OceanSpray/OceanSpray/src/assets/sortIcons/calendar.png
FNF:0
FNH:0
DA:1,1
LF:1
LH:1
BRF:0
BRH:0
end_of_record
TN:
SF:/Users/ravikumar_pa/Documents/OceanSpray/OceanSpray/src/assets/sortIcons/contractNumber.png
FNF:0
FNH:0
DA:1,1
LF:1
LH:1
BRF:0
BRH:0
end_of_record
TN:
SF:/Users/ravikumar_pa/Documents/OceanSpray/OceanSpray/src/assets/sortIcons/dateRange.png
FNF:0
FNH:0
DA:1,1
LF:1
LH:1
BRF:0
BRH:0
end_of_record
TN:
SF:/Users/ravikumar_pa/Documents/OceanSpray/OceanSpray/src/assets/sortIcons/variety.png
FNF:0
FNH:0
DA:1,1
LF:1
LH:1
BRF:0
BRH:0
end_of_record
TN:
SF:/Users/ravikumar_pa/Documents/OceanSpray/OceanSpray/src/components/Button/index.js
FN:24,(anonymous_0)
FN:32,(anonymous_1)
FNF:2
FNH:0
FNDA:0,(anonymous_0)
FNDA:0,(anonymous_1)
DA:7,1
DA:20,1
DA:33,0
DA:53,1
DA:54,1
LF:5
LH:4
BRDA:37,0,0,0
BRDA:37,0,1,0
BRF:2
BRH:0
end_of_record
TN:
SF:/Users/ravikumar_pa/Documents/OceanSpray/OceanSpray/src/components/Button/style.js
FNF:0
FNH:0
DA:7,1
LF:1
LH:1
BRDA:16,0,0,1
BRDA:16,0,1,0
BRF:2
BRH:1
end_of_record
TN:
SF:/Users/ravikumar_pa/Documents/OceanSpray/OceanSpray/src/components/InputText/index.js
FN:41,(anonymous_0)
FN:42,(anonymous_1)
FN:43,(anonymous_2)
FN:62,(anonymous_3)
FN:70,(anonymous_4)
FN:79,(anonymous_5)
FNF:6
FNH:0
FNDA:0,(anonymous_0)
FNDA:0,(anonymous_1)
FNDA:0,(anonymous_2)
FNDA:0,(anonymous_3)
FNDA:0,(anonymous_4)
FNDA:0,(anonymous_5)
DA:25,2
DA:40,2
DA:63,0
DA:64,0
DA:67,0
DA:71,0
DA:80,0
DA:81,0
DA:82,0
DA:108,0
DA:135,2
DA:137,2
LF:12
LH:4
BRDA:81,0,0,0
BRDA:81,0,1,0
BRF:2
BRH:0
end_of_record
TN:
SF:/Users/ravikumar_pa/Documents/OceanSpray/OceanSpray/src/components/InputText/styles.js
FNF:0
FNH:0
DA:1,2
LF:1
LH:1
BRF:0
BRH:0
end_of_record
TN:
SF:/Users/ravikumar_pa/Documents/OceanSpray/OceanSpray/src/components/Routes/index.js
FN:26,(anonymous_0)
FN:35,(anonymous_1)
FN:40,(anonymous_2)
FN:45,(anonymous_3)
FN:50,(anonymous_4)
FN:55,(anonymous_5)
FN:60,(anonymous_6)
FN:65,(anonymous_7)
FNF:8
FNH:0
FNDA:0,(anonymous_0)
FNDA:0,(anonymous_1)
FNDA:0,(anonymous_2)
FNDA:0,(anonymous_3)
FNDA:0,(anonymous_4)
FNDA:0,(anonymous_5)
FNDA:0,(anonymous_6)
FNDA:0,(anonymous_7)
DA:14,1
DA:18,1
DA:27,0
DA:28,0
DA:29,0
DA:30,0
DA:31,0
DA:32,0
DA:36,0
DA:37,0
DA:41,0
DA:42,0
DA:46,0
DA:47,0
DA:51,0
DA:52,0
DA:56,0
DA:57,0
DA:61,0
DA:62,0
DA:67,0
DA:89,1
DA:91,1
LF:23
LH:4
BRDA:41,0,0,0
BRDA:41,0,1,0
BRDA:46,1,0,0
BRDA:46,1,1,0
BRDA:51,2,0,0
BRDA:51,2,1,0
BRDA:56,3,0,0
BRDA:56,3,1,0
BRDA:61,4,0,0
BRDA:61,4,1,0
BRF:10
BRH:0
end_of_record
TN:
SF:/Users/ravikumar_pa/Documents/OceanSpray/OceanSpray/src/components/ToggleButton/index.js
FN:44,(anonymous_0)
FN:45,(anonymous_1)
FN:46,(anonymous_2)
FN:47,(anonymous_3)
FN:48,(anonymous_4)
FN:53,(anonymous_5)
FN:54,(anonymous_6)
FN:56,(anonymous_7)
FN:57,(anonymous_8)
FN:77,(anonymous_9)
FN:80,(anonymous_10)
FN:85,(anonymous_11)
FNF:12
FNH:0
FNDA:0,(anonymous_0)
FNDA:0,(anonymous_1)
FNDA:0,(anonymous_2)
FNDA:0,(anonymous_3)
FNDA:0,(anonymous_4)
FNDA:0,(anonymous_5)
FNDA:0,(anonymous_6)
FNDA:0,(anonymous_7)
FNDA:0,(anonymous_8)
FNDA:0,(anonymous_9)
FNDA:0,(anonymous_10)
FNDA:0,(anonymous_11)
DA:23,1
DA:43,1
DA:78,0
DA:80,0
DA:85,0
DA:99,1
DA:100,1
LF:7
LH:4
BRDA:80,0,0,0
BRDA:80,0,1,0
BRDA:82,1,0,0
BRDA:82,1,1,0
BRDA:85,2,0,0
BRDA:85,2,1,0
BRDA:87,3,0,0
BRDA:87,3,1,0
BRF:8
BRH:0
end_of_record
TN:
SF:/Users/ravikumar_pa/Documents/OceanSpray/OceanSpray/src/components/ToggleButton/styles.js
FNF:0
FNH:0
DA:4,1
LF:1
LH:1
BRF:0
BRH:0
end_of_record
TN:
SF:/Users/ravikumar_pa/Documents/OceanSpray/OceanSpray/src/components/Toolbar/index.js
FN:39,(anonymous_0)
FN:40,(anonymous_1)
FN:59,(anonymous_2)
FNF:3
FNH:0
FNDA:0,(anonymous_0)
FNDA:0,(anonymous_1)
FNDA:0,(anonymous_2)
DA:24,1
DA:37,1
DA:61,0
DA:98,1
DA:99,1
LF:5
LH:4
BRDA:64,0,0,0
BRDA:64,0,1,0
BRDA:78,1,0,0
BRDA:78,1,1,0
BRDA:82,2,0,0
BRDA:82,2,1,0
BRF:6
BRH:0
end_of_record
TN:
SF:/Users/ravikumar_pa/Documents/OceanSpray/OceanSpray/src/components/Toolbar/styles.js
FNF:0
FNH:0
DA:5,1
LF:1
LH:1
BRF:0
BRH:0
end_of_record
TN:
SF:/Users/ravikumar_pa/Documents/OceanSpray/OceanSpray/src/config/store.js
FN:17,(anonymous_0)
FNF:1
FNH:1
FNDA:1,(anonymous_0)
DA:8,1
DA:15,1
DA:18,1
DA:19,1
DA:20,1
LF:5
LH:5
BRF:0
BRH:0
end_of_record
TN:
SF:/Users/ravikumar_pa/Documents/OceanSpray/OceanSpray/src/constants/colors.js
FNF:0
FNH:0
DA:1,1
DA:2,1
DA:3,1
DA:5,1
LF:4
LH:4
BRF:0
BRH:0
end_of_record
TN:
SF:/Users/ravikumar_pa/Documents/OceanSpray/OceanSpray/src/constants/imageSource.js
FNF:0
FNH:0
DA:1,1
DA:2,1
DA:3,1
DA:4,1
DA:6,1
DA:7,1
DA:8,1
DA:9,1
DA:10,1
DA:11,1
DA:12,1
DA:13,1
DA:15,1
LF:13
LH:13
BRF:0
BRH:0
end_of_record
TN:
SF:/Users/ravikumar_pa/Documents/OceanSpray/OceanSpray/src/reducers/appReducer.js
FN:5,(anonymous_0)
FNF:1
FNH:1
FNDA:4,(anonymous_0)
DA:1,1
DA:6,4
DA:9,4
LF:3
LH:3
BRDA:5,0,0,3
BRDA:6,1,0,4
BRF:2
BRH:2
end_of_record
TN:
SF:/Users/ravikumar_pa/Documents/OceanSpray/OceanSpray/src/reducers/index.js
FNF:0
FNH:0
LF:0
LH:0
BRF:0
BRH:0
end_of_record
TN:
SF:/Users/ravikumar_pa/Documents/OceanSpray/OceanSpray/src/screens/Flowchart/Templates/index.js
FN:29,(anonymous_0)
FN:30,(anonymous_1)
FN:31,(anonymous_2)
FN:32,(anonymous_3)
FN:36,(anonymous_4)
FN:46,(anonymous_5)
FN:51,(anonymous_6)
FN:54,(anonymous_7)
FN:57,(anonymous_8)
FN:61,(anonymous_9)
FN:66,(anonymous_10)
FN:99,(anonymous_11)
FNF:12
FNH:0
FNDA:0,(anonymous_0)
FNDA:0,(anonymous_1)
FNDA:0,(anonymous_2)
FNDA:0,(anonymous_3)
FNDA:0,(anonymous_4)
FNDA:0,(anonymous_5)
FNDA:0,(anonymous_6)
FNDA:0,(anonymous_7)
FNDA:0,(anonymous_8)
FNDA:0,(anonymous_9)
FNDA:0,(anonymous_10)
FNDA:0,(anonymous_11)
DA:21,1
DA:28,1
DA:37,0
DA:38,0
DA:43,0
DA:44,0
DA:46,0
DA:47,0
DA:48,0
DA:52,0
DA:55,0
DA:57,0
DA:58,0
DA:59,0
DA:62,0
DA:67,0
DA:99,0
DA:126,1
DA:128,1
LF:19
LH:4
BRDA:47,0,0,0
BRDA:47,0,1,0
BRDA:58,1,0,0
BRDA:58,1,1,0
BRDA:105,2,0,0
BRDA:105,2,1,0
BRDA:109,3,0,0
BRDA:109,3,1,0
BRF:8
BRH:0
end_of_record
TN:
SF:/Users/ravikumar_pa/Documents/OceanSpray/OceanSpray/src/screens/Flowchart/Templates/style.js
FNF:0
FNH:0
DA:3,1
LF:1
LH:1
BRDA:42,0,0,1
BRDA:42,0,1,0
BRDA:76,1,0,1
BRDA:76,1,1,0
BRF:4
BRH:2
end_of_record
TN:
SF:/Users/ravikumar_pa/Documents/OceanSpray/OceanSpray/src/screens/ForgotPassword/containers/index.js
FN:49,(anonymous_0)
FN:69,(anonymous_1)
FN:86,(anonymous_2)
FN:96,(anonymous_3)
FN:99,(anonymous_4)
FN:104,(anonymous_5)
FN:124,(anonymous_6)
FN:140,(anonymous_7)
FN:151,(anonymous_8)
FNF:9
FNH:0
FNDA:0,(anonymous_0)
FNDA:0,(anonymous_1)
FNDA:0,(anonymous_2)
FNDA:0,(anonymous_3)
FNDA:0,(anonymous_4)
FNDA:0,(anonymous_5)
FNDA:0,(anonymous_6)
FNDA:0,(anonymous_7)
FNDA:0,(anonymous_8)
DA:49,0
DA:70,0
DA:71,0
DA:86,0
DA:87,0
DA:96,0
DA:97,0
DA:99,0
DA:100,0
DA:106,0
DA:124,1
DA:125,0
DA:126,0
DA:127,0
DA:128,0
DA:129,0
DA:131,0
DA:140,1
DA:151,1
LF:19
LH:3
BRDA:81,0,0,0
BRDA:81,0,1,0
BRDA:126,1,0,0
BRDA:126,1,1,0
BRDA:128,2,0,0
BRDA:128,2,1,0
BRF:6
BRH:0
end_of_record
TN:
SF:/Users/ravikumar_pa/Documents/OceanSpray/OceanSpray/src/screens/ForgotPassword/containers/styles.js
FNF:0
FNH:0
DA:4,1
LF:1
LH:1
BRF:0
BRH:0
end_of_record
TN:
SF:/Users/ravikumar_pa/Documents/OceanSpray/OceanSpray/src/screens/ForgotPassword/templates/index.js
FN:50,(anonymous_0)
FN:51,(anonymous_1)
FN:52,(anonymous_2)
FN:53,(anonymous_3)
FN:54,(anonymous_4)
FN:71,(anonymous_5)
FNF:6
FNH:0
FNDA:0,(anonymous_0)
FNDA:0,(anonymous_1)
FNDA:0,(anonymous_2)
FNDA:0,(anonymous_3)
FNDA:0,(anonymous_4)
FNDA:0,(anonymous_5)
DA:39,1
DA:48,1
DA:72,0
DA:102,1
DA:104,1
LF:5
LH:4
BRF:0
BRH:0
end_of_record
TN:
SF:/Users/ravikumar_pa/Documents/OceanSpray/OceanSpray/src/screens/ForgotPassword/templates/styles.js
FNF:0
FNH:0
DA:3,1
LF:1
LH:1
BRF:0
BRH:0
end_of_record
TN:
SF:/Users/ravikumar_pa/Documents/OceanSpray/OceanSpray/src/screens/ForgotUsername/containers/index.js
FN:54,(anonymous_0)
FN:72,(anonymous_1)
FN:82,(anonymous_2)
FN:86,(anonymous_3)
FN:96,(anonymous_4)
FN:111,(anonymous_5)
FN:128,(anonymous_6)
FN:141,(anonymous_7)
FNF:8
FNH:0
FNDA:0,(anonymous_0)
FNDA:0,(anonymous_1)
FNDA:0,(anonymous_2)
FNDA:0,(anonymous_3)
FNDA:0,(anonymous_4)
FNDA:0,(anonymous_5)
FNDA:0,(anonymous_6)
FNDA:0,(anonymous_7)
DA:55,0
DA:56,0
DA:72,0
DA:73,0
DA:82,0
DA:83,0
DA:86,0
DA:87,0
DA:97,0
DA:111,1
DA:112,0
DA:113,0
DA:114,0
DA:115,0
DA:116,0
DA:118,0
DA:128,1
DA:141,1
LF:18
LH:3
BRDA:66,0,0,0
BRDA:66,0,1,0
BRDA:113,1,0,0
BRDA:113,1,1,0
BRDA:115,2,0,0
BRDA:115,2,1,0
BRF:6
BRH:0
end_of_record
TN:
SF:/Users/ravikumar_pa/Documents/OceanSpray/OceanSpray/src/screens/ForgotUsername/containers/style.js
FNF:0
FNH:0
DA:4,1
LF:1
LH:1
BRF:0
BRH:0
end_of_record
TN:
SF:/Users/ravikumar_pa/Documents/OceanSpray/OceanSpray/src/screens/ForgotUsername/templates/index.js
FN:58,(anonymous_0)
FN:59,(anonymous_1)
FN:60,(anonymous_2)
FN:61,(anonymous_3)
FN:93,(anonymous_4)
FN:103,(anonymous_5)
FN:111,(anonymous_6)
FNF:7
FNH:0
FNDA:0,(anonymous_0)
FNDA:0,(anonymous_1)
FNDA:0,(anonymous_2)
FNDA:0,(anonymous_3)
FNDA:0,(anonymous_4)
FNDA:0,(anonymous_5)
FNDA:0,(anonymous_6)
DA:47,1
DA:56,1
DA:94,0
DA:104,0
DA:112,0
DA:148,1
DA:150,1
LF:7
LH:4
BRF:0
BRH:0
end_of_record
TN:
SF:/Users/ravikumar_pa/Documents/OceanSpray/OceanSpray/src/screens/ForgotUsername/templates/style.js
FNF:0
FNH:0
DA:7,1
LF:1
LH:1
BRDA:31,0,0,1
BRDA:31,0,1,0
BRF:2
BRH:1
end_of_record
TN:
SF:/Users/ravikumar_pa/Documents/OceanSpray/OceanSpray/src/screens/Language/containers/index.js
FN:8,(anonymous_0)
FN:13,(anonymous_1)
FNF:2
FNH:0
FNDA:0,(anonymous_0)
FNDA:0,(anonymous_1)
DA:8,0
DA:9,0
DA:14,0
LF:3
LH:0
BRF:0
BRH:0
end_of_record
TN:
SF:/Users/ravikumar_pa/Documents/OceanSpray/OceanSpray/src/screens/Language/templates/index.js
FN:29,(anonymous_0)
FN:30,(anonymous_1)
FN:31,(anonymous_2)
FN:42,(anonymous_3)
FNF:4
FNH:0
FNDA:0,(anonymous_0)
FNDA:0,(anonymous_1)
FNDA:0,(anonymous_2)
FNDA:0,(anonymous_3)
DA:22,1
DA:28,1
DA:43,0
DA:70,1
DA:72,1
LF:5
LH:4
BRF:0
BRH:0
end_of_record
TN:
SF:/Users/ravikumar_pa/Documents/OceanSpray/OceanSpray/src/screens/Language/templates/style.js
FNF:0
FNH:0
DA:4,1
LF:1
LH:1
BRDA:26,0,0,1
BRDA:26,0,1,0
BRF:2
BRH:1
end_of_record
TN:
SF:/Users/ravikumar_pa/Documents/OceanSpray/OceanSpray/src/screens/Login/containers/index.js
FN:31,(anonymous_0)
FN:34,(anonymous_1)
FN:37,(anonymous_2)
FNF:3
FNH:0
FNDA:0,(anonymous_0)
FNDA:0,(anonymous_1)
FNDA:0,(anonymous_2)
DA:31,0
DA:32,0
DA:34,0
DA:35,0
DA:38,0
LF:5
LH:0
BRF:0
BRH:0
end_of_record
TN:
SF:/Users/ravikumar_pa/Documents/OceanSpray/OceanSpray/src/screens/Login/templates/index.js
FN:47,(anonymous_0)
FN:48,(anonymous_1)
FN:49,(anonymous_2)
FN:67,(anonymous_3)
FN:84,(anonymous_4)
FN:93,(anonymous_5)
FN:162,(anonymous_6)
FN:181,(anonymous_7)
FN:193,(anonymous_8)
FNF:9
FNH:0
FNDA:0,(anonymous_0)
FNDA:0,(anonymous_1)
FNDA:0,(anonymous_2)
FNDA:0,(anonymous_3)
FNDA:0,(anonymous_4)
FNDA:0,(anonymous_5)
FNDA:0,(anonymous_6)
FNDA:0,(anonymous_7)
FNDA:0,(anonymous_8)
DA:40,2
DA:46,2
DA:68,0
DA:69,0
DA:85,0
DA:94,0
DA:95,0
DA:150,2
DA:152,2
DA:162,2
DA:163,0
DA:164,0
DA:165,0
DA:166,0
DA:167,0
DA:169,0
DA:170,0
DA:172,0
DA:181,2
DA:193,2
LF:20
LH:7
BRDA:79,0,0,0
BRDA:79,0,1,0
BRDA:164,1,0,0
BRDA:164,1,1,0
BRDA:166,2,0,0
BRDA:166,2,1,0
BRDA:169,3,0,0
BRDA:169,3,1,0
BRF:8
BRH:0
end_of_record
TN:
SF:/Users/ravikumar_pa/Documents/OceanSpray/OceanSpray/src/screens/Login/templates/styles.js
FNF:0
FNH:0
DA:3,2
DA:6,2
LF:2
LH:2
BRF:0
BRH:0
end_of_record
TN:
SF:/Users/ravikumar_pa/Documents/OceanSpray/OceanSpray/src/screens/MyHarvest/templates/MyHarvestPending.js
FN:34,(anonymous_0)
FN:35,(anonymous_1)
FN:50,(anonymous_2)
FN:69,(anonymous_3)
FN:75,(anonymous_4)
FN:79,(anonymous_5)
FN:85,(anonymous_6)
FN:97,(anonymous_7)
FN:101,(anonymous_8)
FN:218,(anonymous_9)
FN:231,(anonymous_10)
FNF:11
FNH:0
FNDA:0,(anonymous_0)
FNDA:0,(anonymous_1)
FNDA:0,(anonymous_2)
FNDA:0,(anonymous_3)
FNDA:0,(anonymous_4)
FNDA:0,(anonymous_5)
FNDA:0,(anonymous_6)
FNDA:0,(anonymous_7)
FNDA:0,(anonymous_8)
FNDA:0,(anonymous_9)
FNDA:0,(anonymous_10)
DA:28,1
DA:33,1
DA:51,0
DA:52,0
DA:69,0
DA:70,0
DA:71,0
DA:75,0
DA:76,0
DA:77,0
DA:80,0
DA:83,0
DA:86,0
DA:97,0
DA:103,0
DA:208,1
DA:210,1
DA:218,1
DA:231,1
LF:19
LH:6
BRDA:70,0,0,0
BRDA:70,0,1,0
BRDA:76,1,0,0
BRDA:76,1,1,0
BRF:4
BRH:0
end_of_record
TN:
SF:/Users/ravikumar_pa/Documents/OceanSpray/OceanSpray/src/screens/MyHarvest/templates/MyHarvestStyles.js
FNF:0
FNH:0
DA:3,1
DA:4,1
DA:14,1
LF:3
LH:3
BRDA:18,0,0,0
BRDA:18,0,1,1
BRDA:18,1,0,1
BRDA:18,1,1,1
BRDA:18,1,2,0
BRDA:18,1,3,1
BRDA:18,1,4,1
BRDA:18,1,5,0
BRDA:43,2,0,1
BRDA:43,2,1,0
BRDA:60,3,0,1
BRDA:60,3,1,0
BRDA:79,4,0,1
BRDA:79,4,1,0
BRDA:85,5,0,1
BRDA:85,5,1,0
BRDA:121,6,0,1
BRDA:121,6,1,0
BRDA:195,7,0,1
BRDA:195,7,1,0
BRF:20
BRH:11
end_of_record
TN:
SF:/Users/ravikumar_pa/Documents/OceanSpray/OceanSpray/src/screens/MyHarvestSortAndFilter/containers/index.js
FN:34,(anonymous_0)
FN:40,(anonymous_1)
FN:46,(anonymous_2)
FN:52,(anonymous_3)
FN:59,(anonymous_4)
FN:68,(anonymous_5)
FN:87,(anonymous_6)
FN:99,(anonymous_7)
FNF:8
FNH:0
FNDA:0,(anonymous_0)
FNDA:0,(anonymous_1)
FNDA:0,(anonymous_2)
FNDA:0,(anonymous_3)
FNDA:0,(anonymous_4)
FNDA:0,(anonymous_5)
FNDA:0,(anonymous_6)
FNDA:0,(anonymous_7)
DA:34,0
DA:35,0
DA:40,0
DA:46,0
DA:52,0
DA:59,0
DA:70,0
DA:87,1
DA:99,1
LF:9
LH:2
BRF:0
BRH:0
end_of_record
TN:
SF:/Users/ravikumar_pa/Documents/OceanSpray/OceanSpray/src/screens/MyHarvestSortAndFilter/templates/index.js
FN:43,(anonymous_0)
FN:44,(anonymous_1)
FN:45,(anonymous_2)
FN:46,(anonymous_3)
FN:47,(anonymous_4)
FN:48,(anonymous_5)
FN:49,(anonymous_6)
FN:50,(anonymous_7)
FN:51,(anonymous_8)
FN:66,(anonymous_9)
FN:83,(anonymous_10)
FN:92,(anonymous_11)
FN:96,(anonymous_12)
FN:102,(anonymous_13)
FN:108,(anonymous_14)
FN:114,(anonymous_15)
FN:120,(anonymous_16)
FN:126,(anonymous_17)
FN:137,(anonymous_18)
FN:150,(anonymous_19)
FN:186,(anonymous_20)
FN:208,(anonymous_21)
FN:230,(anonymous_22)
FN:253,(anonymous_23)
FN:276,(anonymous_24)
FN:299,(anonymous_25)
FNF:26
FNH:0
FNDA:0,(anonymous_0)
FNDA:0,(anonymous_1)
FNDA:0,(anonymous_2)
FNDA:0,(anonymous_3)
FNDA:0,(anonymous_4)
FNDA:0,(anonymous_5)
FNDA:0,(anonymous_6)
FNDA:0,(anonymous_7)
FNDA:0,(anonymous_8)
FNDA:0,(anonymous_9)
FNDA:0,(anonymous_10)
FNDA:0,(anonymous_11)
FNDA:0,(anonymous_12)
FNDA:0,(anonymous_13)
FNDA:0,(anonymous_14)
FNDA:0,(anonymous_15)
FNDA:0,(anonymous_16)
FNDA:0,(anonymous_17)
FNDA:0,(anonymous_18)
FNDA:0,(anonymous_19)
FNDA:0,(anonymous_20)
FNDA:0,(anonymous_21)
FNDA:0,(anonymous_22)
FNDA:0,(anonymous_23)
FNDA:0,(anonymous_24)
FNDA:0,(anonymous_25)
DA:27,1
DA:42,1
DA:67,0
DA:68,0
DA:77,0
DA:83,0
DA:84,0
DA:85,0
DA:92,0
DA:93,0
DA:94,0
DA:97,0
DA:99,0
DA:100,0
DA:103,0
DA:105,0
DA:106,0
DA:109,0
DA:111,0
DA:112,0
DA:115,0
DA:117,0
DA:118,0
DA:121,0
DA:124,0
DA:127,0
DA:138,0
DA:151,0
DA:186,0
DA:208,0
DA:230,0
DA:253,0
DA:276,0
DA:299,0
DA:334,1
DA:336,1
LF:36
LH:4
BRDA:84,0,0,0
BRDA:84,0,1,0
BRDA:93,1,0,0
BRDA:93,1,1,0
BRDA:99,2,0,0
BRDA:99,2,1,0
BRDA:105,3,0,0
BRDA:105,3,1,0
BRDA:111,4,0,0
BRDA:111,4,1,0
BRDA:117,5,0,0
BRDA:117,5,1,0
BRDA:181,6,0,0
BRDA:181,6,1,0
BRDA:195,7,0,0
BRDA:195,7,1,0
BRDA:199,8,0,0
BRDA:199,8,1,0
BRDA:217,9,0,0
BRDA:217,9,1,0
BRDA:221,10,0,0
BRDA:221,10,1,0
BRDA:240,11,0,0
BRDA:240,11,1,0
BRDA:244,12,0,0
BRDA:244,12,1,0
BRDA:263,13,0,0
BRDA:263,13,1,0
BRDA:267,14,0,0
BRDA:267,14,1,0
BRDA:286,15,0,0
BRDA:286,15,1,0
BRDA:290,16,0,0
BRDA:290,16,1,0
BRDA:308,17,0,0
BRDA:308,17,1,0
BRDA:312,18,0,0
BRDA:312,18,1,0
BRF:38
BRH:0
end_of_record
TN:
SF:/Users/ravikumar_pa/Documents/OceanSpray/OceanSpray/src/screens/MyHarvestSortAndFilter/templates/styles.js
FNF:0
FNH:0
DA:3,1
LF:1
LH:1
BRDA:83,0,0,1
BRDA:83,0,1,0
BRF:2
BRH:1
end_of_record
TN:
SF:/Users/ravikumar_pa/Documents/OceanSpray/OceanSpray/src/utils/utility.js
FN:4,(anonymous_0)
FN:12,(anonymous_1)
FN:24,(anonymous_2)
FN:36,(anonymous_3)
FN:39,(anonymous_4)
FN:50,(anonymous_5)
FN:52,(anonymous_6)
FN:58,(anonymous_7)
FN:64,(anonymous_8)
FN:65,(anonymous_9)
FN:68,(anonymous_10)
FN:75,(anonymous_11)
FN:87,request_location_runtime_permission
FN:114,(anonymous_13)
FN:124,(anonymous_14)
FN:125,(anonymous_15)
FNF:16
FNH:0
FNDA:0,(anonymous_0)
FNDA:0,(anonymous_1)
FNDA:0,(anonymous_2)
FNDA:0,(anonymous_3)
FNDA:0,(anonymous_4)
FNDA:0,(anonymous_5)
FNDA:0,(anonymous_6)
FNDA:0,(anonymous_7)
FNDA:0,(anonymous_8)
FNDA:0,(anonymous_9)
FNDA:0,(anonymous_10)
FNDA:0,(anonymous_11)
FNDA:0,request_location_runtime_permission
FNDA:0,(anonymous_13)
FNDA:0,(anonymous_14)
FNDA:0,(anonymous_15)
DA:4,2
DA:5,0
DA:6,0
DA:12,2
DA:13,0
DA:14,0
DA:15,0
DA:17,0
DA:24,2
DA:25,0
DA:26,0
DA:27,0
DA:29,0
DA:36,2
DA:37,0
DA:38,0
DA:39,0
DA:40,0
DA:41,0
DA:43,0
DA:45,0
DA:47,0
DA:50,2
DA:52,2
DA:53,0
DA:54,0
DA:55,0
DA:58,2
DA:59,0
DA:60,0
DA:61,0
DA:64,2
DA:65,0
DA:66,0
DA:68,0
DA:69,0
DA:70,0
DA:73,0
DA:76,0
DA:81,0
DA:88,0
DA:89,0
DA:97,0
DA:99,0
DA:100,0
DA:105,0
DA:114,0
DA:124,2
DA:125,0
DA:126,0
DA:127,0
DA:129,0
LF:52
LH:9
BRDA:6,0,0,0
BRDA:6,0,1,0
BRDA:12,1,0,0
BRDA:14,2,0,0
BRDA:14,2,1,0
BRDA:24,3,0,0
BRDA:26,4,0,0
BRDA:26,4,1,0
BRDA:26,5,0,0
BRDA:26,5,1,0
BRDA:40,6,0,0
BRDA:40,6,1,0
BRDA:40,7,0,0
BRDA:40,7,1,0
BRDA:69,8,0,0
BRDA:69,8,1,0
BRDA:69,9,0,0
BRDA:69,9,1,0
BRDA:97,10,0,0
BRDA:97,10,1,0
BRDA:126,11,0,0
BRDA:126,11,1,0
BRDA:126,12,0,0
BRDA:126,12,1,0
BRF:24
BRH:0
end_of_record
